2018-09-05 00:29:51 Notice: Notice (8): Undefined variable: primaryColumns in [C:\xampp\htdocs\Decanatura\vendor\cakephp\cakephp\src\ORM\Table.php, line 1790]
Request URL: /users/add
Referer URL: http://127.0.0.1/Decanatura/users/add
Client IP: 127.0.0.1
Trace:
Cake\Error\BaseErrorHandler::handleError() - CORE\src\Error\BaseErrorHandler.php, line 153
Cake\ORM\Table::_processSave() - CORE\src\ORM\Table.php, line 1790
Cake\ORM\Table::Cake\ORM\{closure}() - CORE\src\ORM\Table.php, line 1741
Cake\ORM\Table::Cake\ORM\{closure}() - CORE\src\ORM\Table.php, line 1459
Cake\Database\Connection::transactional() - CORE\src\Database\Connection.php, line 682
Cake\ORM\Table::_executeTransaction() - CORE\src\ORM\Table.php, line 1460
Cake\ORM\Table::save() - CORE\src\ORM\Table.php, line 1742
DebugKit\ToolbarService::saveData() - ROOT\vendor\cakephp\debug_kit\src\ToolbarService.php, line 206
DebugKit\Middleware\DebugKitMiddleware::__invoke() - ROOT\vendor\cakephp\debug_kit\src\Middleware\DebugKitMiddleware.php, line 53
Cake\Http\Runner::__invoke() - CORE\src\Http\Runner.php, line 65
Cake\Http\Runner::run() - CORE\src\Http\Runner.php, line 51
Cake\Http\Server::run() - CORE\src\Http\Server.php, line 81
[main] - ROOT\webroot\index.php, line 40



2018-09-05 00:29:51 Notice: Notice (8): Undefined variable: primaryColumns in [C:\xampp\htdocs\Decanatura\vendor\cakephp\cakephp\src\ORM\Table.php, line 1790]
Request URL: /users/add
Referer URL: http://127.0.0.1/Decanatura/users/add
Client IP: 127.0.0.1
Trace:
Cake\Error\BaseErrorHandler::handleError() - CORE\src\Error\BaseErrorHandler.php, line 153
Cake\ORM\Table::_processSave() - CORE\src\ORM\Table.php, line 1790
Cake\ORM\Table::Cake\ORM\{closure}() - CORE\src\ORM\Table.php, line 1741
Cake\ORM\Table::Cake\ORM\{closure}() - CORE\src\ORM\Table.php, line 1459
Cake\Database\Connection::transactional() - CORE\src\Database\Connection.php, line 682
Cake\ORM\Table::_executeTransaction() - CORE\src\ORM\Table.php, line 1460
Cake\ORM\Table::save() - CORE\src\ORM\Table.php, line 1742
Cake\ORM\Association\HasMany::_saveTarget() - CORE\src\ORM\Association\HasMany.php, line 239
Cake\ORM\Association\HasMany::saveAssociated() - CORE\src\ORM\Association\HasMany.php, line 200
Cake\ORM\AssociationCollection::_save() - CORE\src\ORM\AssociationCollection.php, line 274
Cake\ORM\AssociationCollection::_saveAssociations() - CORE\src\ORM\AssociationCollection.php, line 248
Cake\ORM\AssociationCollection::saveChildren() - CORE\src\ORM\AssociationCollection.php, line 213
Cake\ORM\Table::_onSaveSuccess() - CORE\src\ORM\Table.php, line 1869
Cake\ORM\Table::_processSave() - CORE\src\ORM\Table.php, line 1842
Cake\ORM\Table::Cake\ORM\{closure}() - CORE\src\ORM\Table.php, line 1741
Cake\ORM\Table::Cake\ORM\{closure}() - CORE\src\ORM\Table.php, line 1459
Cake\Database\Connection::transactional() - CORE\src\Database\Connection.php, line 682
Cake\ORM\Table::_executeTransaction() - CORE\src\ORM\Table.php, line 1460
Cake\ORM\Table::save() - CORE\src\ORM\Table.php, line 1742
DebugKit\ToolbarService::saveData() - ROOT\vendor\cakephp\debug_kit\src\ToolbarService.php, line 206
DebugKit\Middleware\DebugKitMiddleware::__invoke() - ROOT\vendor\cakephp\debug_kit\src\Middleware\DebugKitMiddleware.php, line 53
Cake\Http\Runner::__invoke() - CORE\src\Http\Runner.php, line 65
Cake\Http\Runner::run() - CORE\src\Http\Runner.php, line 51
Cake\Http\Server::run() - CORE\src\Http\Server.php, line 81
[main] - ROOT\webroot\index.php, line 40



2018-09-05 00:29:51 Notice: Notice (8): Undefined variable: primaryColumns in [C:\xampp\htdocs\Decanatura\vendor\cakephp\cakephp\src\ORM\Table.php, line 1790]
Request URL: /users/add
Referer URL: http://127.0.0.1/Decanatura/users/add
Client IP: 127.0.0.1
Trace:
Cake\Error\BaseErrorHandler::handleError() - CORE\src\Error\BaseErrorHandler.php, line 153
Cake\ORM\Table::_processSave() - CORE\src\ORM\Table.php, line 1790
Cake\ORM\Table::Cake\ORM\{closure}() - CORE\src\ORM\Table.php, line 1741
Cake\ORM\Table::Cake\ORM\{closure}() - CORE\src\ORM\Table.php, line 1459
Cake\Database\Connection::transactional() - CORE\src\Database\Connection.php, line 682
Cake\ORM\Table::_executeTransaction() - CORE\src\ORM\Table.php, line 1460
Cake\ORM\Table::save() - CORE\src\ORM\Table.php, line 1742
Cake\ORM\Association\HasMany::_saveTarget() - CORE\src\ORM\Association\HasMany.php, line 239
Cake\ORM\Association\HasMany::saveAssociated() - CORE\src\ORM\Association\HasMany.php, line 200
Cake\ORM\AssociationCollection::_save() - CORE\src\ORM\AssociationCollection.php, line 274
Cake\ORM\AssociationCollection::_saveAssociations() - CORE\src\ORM\AssociationCollection.php, line 248
Cake\ORM\AssociationCollection::saveChildren() - CORE\src\ORM\AssociationCollection.php, line 213
Cake\ORM\Table::_onSaveSuccess() - CORE\src\ORM\Table.php, line 1869
Cake\ORM\Table::_processSave() - CORE\src\ORM\Table.php, line 1842
Cake\ORM\Table::Cake\ORM\{closure}() - CORE\src\ORM\Table.php, line 1741
Cake\ORM\Table::Cake\ORM\{closure}() - CORE\src\ORM\Table.php, line 1459
Cake\Database\Connection::transactional() - CORE\src\Database\Connection.php, line 682
Cake\ORM\Table::_executeTransaction() - CORE\src\ORM\Table.php, line 1460
Cake\ORM\Table::save() - CORE\src\ORM\Table.php, line 1742
DebugKit\ToolbarService::saveData() - ROOT\vendor\cakephp\debug_kit\src\ToolbarService.php, line 206
DebugKit\Middleware\DebugKitMiddleware::__invoke() - ROOT\vendor\cakephp\debug_kit\src\Middleware\DebugKitMiddleware.php, line 53
Cake\Http\Runner::__invoke() - CORE\src\Http\Runner.php, line 65
Cake\Http\Runner::run() - CORE\src\Http\Runner.php, line 51
Cake\Http\Server::run() - CORE\src\Http\Server.php, line 81
[main] - ROOT\webroot\index.php, line 40



2018-09-05 00:29:51 Notice: Notice (8): Undefined variable: primaryColumns in [C:\xampp\htdocs\Decanatura\vendor\cakephp\cakephp\src\ORM\Table.php, line 1790]
Request URL: /users/add
Referer URL: http://127.0.0.1/Decanatura/users/add
Client IP: 127.0.0.1
Trace:
Cake\Error\BaseErrorHandler::handleError() - CORE\src\Error\BaseErrorHandler.php, line 153
Cake\ORM\Table::_processSave() - CORE\src\ORM\Table.php, line 1790
Cake\ORM\Table::Cake\ORM\{closure}() - CORE\src\ORM\Table.php, line 1741
Cake\ORM\Table::Cake\ORM\{closure}() - CORE\src\ORM\Table.php, line 1459
Cake\Database\Connection::transactional() - CORE\src\Database\Connection.php, line 682
Cake\ORM\Table::_executeTransaction() - CORE\src\ORM\Table.php, line 1460
Cake\ORM\Table::save() - CORE\src\ORM\Table.php, line 1742
Cake\ORM\Association\HasMany::_saveTarget() - CORE\src\ORM\Association\HasMany.php, line 239
Cake\ORM\Association\HasMany::saveAssociated() - CORE\src\ORM\Association\HasMany.php, line 200
Cake\ORM\AssociationCollection::_save() - CORE\src\ORM\AssociationCollection.php, line 274
Cake\ORM\AssociationCollection::_saveAssociations() - CORE\src\ORM\AssociationCollection.php, line 248
Cake\ORM\AssociationCollection::saveChildren() - CORE\src\ORM\AssociationCollection.php, line 213
Cake\ORM\Table::_onSaveSuccess() - CORE\src\ORM\Table.php, line 1869
Cake\ORM\Table::_processSave() - CORE\src\ORM\Table.php, line 1842
Cake\ORM\Table::Cake\ORM\{closure}() - CORE\src\ORM\Table.php, line 1741
Cake\ORM\Table::Cake\ORM\{closure}() - CORE\src\ORM\Table.php, line 1459
Cake\Database\Connection::transactional() - CORE\src\Database\Connection.php, line 682
Cake\ORM\Table::_executeTransaction() - CORE\src\ORM\Table.php, line 1460
Cake\ORM\Table::save() - CORE\src\ORM\Table.php, line 1742
DebugKit\ToolbarService::saveData() - ROOT\vendor\cakephp\debug_kit\src\ToolbarService.php, line 206
DebugKit\Middleware\DebugKitMiddleware::__invoke() - ROOT\vendor\cakephp\debug_kit\src\Middleware\DebugKitMiddleware.php, line 53
Cake\Http\Runner::__invoke() - CORE\src\Http\Runner.php, line 65
Cake\Http\Runner::run() - CORE\src\Http\Runner.php, line 51
Cake\Http\Server::run() - CORE\src\Http\Server.php, line 81
[main] - ROOT\webroot\index.php, line 40



2018-09-05 00:29:51 Notice: Notice (8): Undefined variable: primaryColumns in [C:\xampp\htdocs\Decanatura\vendor\cakephp\cakephp\src\ORM\Table.php, line 1790]
Request URL: /users/add
Referer URL: http://127.0.0.1/Decanatura/users/add
Client IP: 127.0.0.1
Trace:
Cake\Error\BaseErrorHandler::handleError() - CORE\src\Error\BaseErrorHandler.php, line 153
Cake\ORM\Table::_processSave() - CORE\src\ORM\Table.php, line 1790
Cake\ORM\Table::Cake\ORM\{closure}() - CORE\src\ORM\Table.php, line 1741
Cake\ORM\Table::Cake\ORM\{closure}() - CORE\src\ORM\Table.php, line 1459
Cake\Database\Connection::transactional() - CORE\src\Database\Connection.php, line 682
Cake\ORM\Table::_executeTransaction() - CORE\src\ORM\Table.php, line 1460
Cake\ORM\Table::save() - CORE\src\ORM\Table.php, line 1742
Cake\ORM\Association\HasMany::_saveTarget() - CORE\src\ORM\Association\HasMany.php, line 239
Cake\ORM\Association\HasMany::saveAssociated() - CORE\src\ORM\Association\HasMany.php, line 200
Cake\ORM\AssociationCollection::_save() - CORE\src\ORM\AssociationCollection.php, line 274
Cake\ORM\AssociationCollection::_saveAssociations() - CORE\src\ORM\AssociationCollection.php, line 248
Cake\ORM\AssociationCollection::saveChildren() - CORE\src\ORM\AssociationCollection.php, line 213
Cake\ORM\Table::_onSaveSuccess() - CORE\src\ORM\Table.php, line 1869
Cake\ORM\Table::_processSave() - CORE\src\ORM\Table.php, line 1842
Cake\ORM\Table::Cake\ORM\{closure}() - CORE\src\ORM\Table.php, line 1741
Cake\ORM\Table::Cake\ORM\{closure}() - CORE\src\ORM\Table.php, line 1459
Cake\Database\Connection::transactional() - CORE\src\Database\Connection.php, line 682
Cake\ORM\Table::_executeTransaction() - CORE\src\ORM\Table.php, line 1460
Cake\ORM\Table::save() - CORE\src\ORM\Table.php, line 1742
DebugKit\ToolbarService::saveData() - ROOT\vendor\cakephp\debug_kit\src\ToolbarService.php, line 206
DebugKit\Middleware\DebugKitMiddleware::__invoke() - ROOT\vendor\cakephp\debug_kit\src\Middleware\DebugKitMiddleware.php, line 53
Cake\Http\Runner::__invoke() - CORE\src\Http\Runner.php, line 65
Cake\Http\Runner::run() - CORE\src\Http\Runner.php, line 51
Cake\Http\Server::run() - CORE\src\Http\Server.php, line 81
[main] - ROOT\webroot\index.php, line 40



2018-09-05 00:29:51 Notice: Notice (8): Undefined variable: primaryColumns in [C:\xampp\htdocs\Decanatura\vendor\cakephp\cakephp\src\ORM\Table.php, line 1790]
Request URL: /users/add
Referer URL: http://127.0.0.1/Decanatura/users/add
Client IP: 127.0.0.1
Trace:
Cake\Error\BaseErrorHandler::handleError() - CORE\src\Error\BaseErrorHandler.php, line 153
Cake\ORM\Table::_processSave() - CORE\src\ORM\Table.php, line 1790
Cake\ORM\Table::Cake\ORM\{closure}() - CORE\src\ORM\Table.php, line 1741
Cake\ORM\Table::Cake\ORM\{closure}() - CORE\src\ORM\Table.php, line 1459
Cake\Database\Connection::transactional() - CORE\src\Database\Connection.php, line 682
Cake\ORM\Table::_executeTransaction() - CORE\src\ORM\Table.php, line 1460
Cake\ORM\Table::save() - CORE\src\ORM\Table.php, line 1742
Cake\ORM\Association\HasMany::_saveTarget() - CORE\src\ORM\Association\HasMany.php, line 239
Cake\ORM\Association\HasMany::saveAssociated() - CORE\src\ORM\Association\HasMany.php, line 200
Cake\ORM\AssociationCollection::_save() - CORE\src\ORM\AssociationCollection.php, line 274
Cake\ORM\AssociationCollection::_saveAssociations() - CORE\src\ORM\AssociationCollection.php, line 248
Cake\ORM\AssociationCollection::saveChildren() - CORE\src\ORM\AssociationCollection.php, line 213
Cake\ORM\Table::_onSaveSuccess() - CORE\src\ORM\Table.php, line 1869
Cake\ORM\Table::_processSave() - CORE\src\ORM\Table.php, line 1842
Cake\ORM\Table::Cake\ORM\{closure}() - CORE\src\ORM\Table.php, line 1741
Cake\ORM\Table::Cake\ORM\{closure}() - CORE\src\ORM\Table.php, line 1459
Cake\Database\Connection::transactional() - CORE\src\Database\Connection.php, line 682
Cake\ORM\Table::_executeTransaction() - CORE\src\ORM\Table.php, line 1460
Cake\ORM\Table::save() - CORE\src\ORM\Table.php, line 1742
DebugKit\ToolbarService::saveData() - ROOT\vendor\cakephp\debug_kit\src\ToolbarService.php, line 206
DebugKit\Middleware\DebugKitMiddleware::__invoke() - ROOT\vendor\cakephp\debug_kit\src\Middleware\DebugKitMiddleware.php, line 53
Cake\Http\Runner::__invoke() - CORE\src\Http\Runner.php, line 65
Cake\Http\Runner::run() - CORE\src\Http\Runner.php, line 51
Cake\Http\Server::run() - CORE\src\Http\Server.php, line 81
[main] - ROOT\webroot\index.php, line 40



2018-09-05 00:29:51 Notice: Notice (8): Undefined variable: primaryColumns in [C:\xampp\htdocs\Decanatura\vendor\cakephp\cakephp\src\ORM\Table.php, line 1790]
Request URL: /users/add
Referer URL: http://127.0.0.1/Decanatura/users/add
Client IP: 127.0.0.1
Trace:
Cake\Error\BaseErrorHandler::handleError() - CORE\src\Error\BaseErrorHandler.php, line 153
Cake\ORM\Table::_processSave() - CORE\src\ORM\Table.php, line 1790
Cake\ORM\Table::Cake\ORM\{closure}() - CORE\src\ORM\Table.php, line 1741
Cake\ORM\Table::Cake\ORM\{closure}() - CORE\src\ORM\Table.php, line 1459
Cake\Database\Connection::transactional() - CORE\src\Database\Connection.php, line 682
Cake\ORM\Table::_executeTransaction() - CORE\src\ORM\Table.php, line 1460
Cake\ORM\Table::save() - CORE\src\ORM\Table.php, line 1742
Cake\ORM\Association\HasMany::_saveTarget() - CORE\src\ORM\Association\HasMany.php, line 239
Cake\ORM\Association\HasMany::saveAssociated() - CORE\src\ORM\Association\HasMany.php, line 200
Cake\ORM\AssociationCollection::_save() - CORE\src\ORM\AssociationCollection.php, line 274
Cake\ORM\AssociationCollection::_saveAssociations() - CORE\src\ORM\AssociationCollection.php, line 248
Cake\ORM\AssociationCollection::saveChildren() - CORE\src\ORM\AssociationCollection.php, line 213
Cake\ORM\Table::_onSaveSuccess() - CORE\src\ORM\Table.php, line 1869
Cake\ORM\Table::_processSave() - CORE\src\ORM\Table.php, line 1842
Cake\ORM\Table::Cake\ORM\{closure}() - CORE\src\ORM\Table.php, line 1741
Cake\ORM\Table::Cake\ORM\{closure}() - CORE\src\ORM\Table.php, line 1459
Cake\Database\Connection::transactional() - CORE\src\Database\Connection.php, line 682
Cake\ORM\Table::_executeTransaction() - CORE\src\ORM\Table.php, line 1460
Cake\ORM\Table::save() - CORE\src\ORM\Table.php, line 1742
DebugKit\ToolbarService::saveData() - ROOT\vendor\cakephp\debug_kit\src\ToolbarService.php, line 206
DebugKit\Middleware\DebugKitMiddleware::__invoke() - ROOT\vendor\cakephp\debug_kit\src\Middleware\DebugKitMiddleware.php, line 53
Cake\Http\Runner::__invoke() - CORE\src\Http\Runner.php, line 65
Cake\Http\Runner::run() - CORE\src\Http\Runner.php, line 51
Cake\Http\Server::run() - CORE\src\Http\Server.php, line 81
[main] - ROOT\webroot\index.php, line 40



2018-09-05 00:29:52 Notice: Notice (8): Undefined variable: primaryColumns in [C:\xampp\htdocs\Decanatura\vendor\cakephp\cakephp\src\ORM\Table.php, line 1790]
Request URL: /users/add
Referer URL: http://127.0.0.1/Decanatura/users/add
Client IP: 127.0.0.1
Trace:
Cake\Error\BaseErrorHandler::handleError() - CORE\src\Error\BaseErrorHandler.php, line 153
Cake\ORM\Table::_processSave() - CORE\src\ORM\Table.php, line 1790
Cake\ORM\Table::Cake\ORM\{closure}() - CORE\src\ORM\Table.php, line 1741
Cake\ORM\Table::Cake\ORM\{closure}() - CORE\src\ORM\Table.php, line 1459
Cake\Database\Connection::transactional() - CORE\src\Database\Connection.php, line 682
Cake\ORM\Table::_executeTransaction() - CORE\src\ORM\Table.php, line 1460
Cake\ORM\Table::save() - CORE\src\ORM\Table.php, line 1742
Cake\ORM\Association\HasMany::_saveTarget() - CORE\src\ORM\Association\HasMany.php, line 239
Cake\ORM\Association\HasMany::saveAssociated() - CORE\src\ORM\Association\HasMany.php, line 200
Cake\ORM\AssociationCollection::_save() - CORE\src\ORM\AssociationCollection.php, line 274
Cake\ORM\AssociationCollection::_saveAssociations() - CORE\src\ORM\AssociationCollection.php, line 248
Cake\ORM\AssociationCollection::saveChildren() - CORE\src\ORM\AssociationCollection.php, line 213
Cake\ORM\Table::_onSaveSuccess() - CORE\src\ORM\Table.php, line 1869
Cake\ORM\Table::_processSave() - CORE\src\ORM\Table.php, line 1842
Cake\ORM\Table::Cake\ORM\{closure}() - CORE\src\ORM\Table.php, line 1741
Cake\ORM\Table::Cake\ORM\{closure}() - CORE\src\ORM\Table.php, line 1459
Cake\Database\Connection::transactional() - CORE\src\Database\Connection.php, line 682
Cake\ORM\Table::_executeTransaction() - CORE\src\ORM\Table.php, line 1460
Cake\ORM\Table::save() - CORE\src\ORM\Table.php, line 1742
DebugKit\ToolbarService::saveData() - ROOT\vendor\cakephp\debug_kit\src\ToolbarService.php, line 206
DebugKit\Middleware\DebugKitMiddleware::__invoke() - ROOT\vendor\cakephp\debug_kit\src\Middleware\DebugKitMiddleware.php, line 53
Cake\Http\Runner::__invoke() - CORE\src\Http\Runner.php, line 65
Cake\Http\Runner::run() - CORE\src\Http\Runner.php, line 51
Cake\Http\Server::run() - CORE\src\Http\Server.php, line 81
[main] - ROOT\webroot\index.php, line 40



2018-09-05 00:29:52 Notice: Notice (8): Undefined variable: primaryColumns in [C:\xampp\htdocs\Decanatura\vendor\cakephp\cakephp\src\ORM\Table.php, line 1790]
Request URL: /users/add
Referer URL: http://127.0.0.1/Decanatura/users/add
Client IP: 127.0.0.1
Trace:
Cake\Error\BaseErrorHandler::handleError() - CORE\src\Error\BaseErrorHandler.php, line 153
Cake\ORM\Table::_processSave() - CORE\src\ORM\Table.php, line 1790
Cake\ORM\Table::Cake\ORM\{closure}() - CORE\src\ORM\Table.php, line 1741
Cake\ORM\Table::Cake\ORM\{closure}() - CORE\src\ORM\Table.php, line 1459
Cake\Database\Connection::transactional() - CORE\src\Database\Connection.php, line 682
Cake\ORM\Table::_executeTransaction() - CORE\src\ORM\Table.php, line 1460
Cake\ORM\Table::save() - CORE\src\ORM\Table.php, line 1742
Cake\ORM\Association\HasMany::_saveTarget() - CORE\src\ORM\Association\HasMany.php, line 239
Cake\ORM\Association\HasMany::saveAssociated() - CORE\src\ORM\Association\HasMany.php, line 200
Cake\ORM\AssociationCollection::_save() - CORE\src\ORM\AssociationCollection.php, line 274
Cake\ORM\AssociationCollection::_saveAssociations() - CORE\src\ORM\AssociationCollection.php, line 248
Cake\ORM\AssociationCollection::saveChildren() - CORE\src\ORM\AssociationCollection.php, line 213
Cake\ORM\Table::_onSaveSuccess() - CORE\src\ORM\Table.php, line 1869
Cake\ORM\Table::_processSave() - CORE\src\ORM\Table.php, line 1842
Cake\ORM\Table::Cake\ORM\{closure}() - CORE\src\ORM\Table.php, line 1741
Cake\ORM\Table::Cake\ORM\{closure}() - CORE\src\ORM\Table.php, line 1459
Cake\Database\Connection::transactional() - CORE\src\Database\Connection.php, line 682
Cake\ORM\Table::_executeTransaction() - CORE\src\ORM\Table.php, line 1460
Cake\ORM\Table::save() - CORE\src\ORM\Table.php, line 1742
DebugKit\ToolbarService::saveData() - ROOT\vendor\cakephp\debug_kit\src\ToolbarService.php, line 206
DebugKit\Middleware\DebugKitMiddleware::__invoke() - ROOT\vendor\cakephp\debug_kit\src\Middleware\DebugKitMiddleware.php, line 53
Cake\Http\Runner::__invoke() - CORE\src\Http\Runner.php, line 65
Cake\Http\Runner::run() - CORE\src\Http\Runner.php, line 51
Cake\Http\Server::run() - CORE\src\Http\Server.php, line 81
[main] - ROOT\webroot\index.php, line 40



2018-09-05 00:29:52 Notice: Notice (8): Undefined variable: primaryColumns in [C:\xampp\htdocs\Decanatura\vendor\cakephp\cakephp\src\ORM\Table.php, line 1790]
Request URL: /users/add
Referer URL: http://127.0.0.1/Decanatura/users/add
Client IP: 127.0.0.1
Trace:
Cake\Error\BaseErrorHandler::handleError() - CORE\src\Error\BaseErrorHandler.php, line 153
Cake\ORM\Table::_processSave() - CORE\src\ORM\Table.php, line 1790
Cake\ORM\Table::Cake\ORM\{closure}() - CORE\src\ORM\Table.php, line 1741
Cake\ORM\Table::Cake\ORM\{closure}() - CORE\src\ORM\Table.php, line 1459
Cake\Database\Connection::transactional() - CORE\src\Database\Connection.php, line 682
Cake\ORM\Table::_executeTransaction() - CORE\src\ORM\Table.php, line 1460
Cake\ORM\Table::save() - CORE\src\ORM\Table.php, line 1742
Cake\ORM\Association\HasMany::_saveTarget() - CORE\src\ORM\Association\HasMany.php, line 239
Cake\ORM\Association\HasMany::saveAssociated() - CORE\src\ORM\Association\HasMany.php, line 200
Cake\ORM\AssociationCollection::_save() - CORE\src\ORM\AssociationCollection.php, line 274
Cake\ORM\AssociationCollection::_saveAssociations() - CORE\src\ORM\AssociationCollection.php, line 248
Cake\ORM\AssociationCollection::saveChildren() - CORE\src\ORM\AssociationCollection.php, line 213
Cake\ORM\Table::_onSaveSuccess() - CORE\src\ORM\Table.php, line 1869
Cake\ORM\Table::_processSave() - CORE\src\ORM\Table.php, line 1842
Cake\ORM\Table::Cake\ORM\{closure}() - CORE\src\ORM\Table.php, line 1741
Cake\ORM\Table::Cake\ORM\{closure}() - CORE\src\ORM\Table.php, line 1459
Cake\Database\Connection::transactional() - CORE\src\Database\Connection.php, line 682
Cake\ORM\Table::_executeTransaction() - CORE\src\ORM\Table.php, line 1460
Cake\ORM\Table::save() - CORE\src\ORM\Table.php, line 1742
DebugKit\ToolbarService::saveData() - ROOT\vendor\cakephp\debug_kit\src\ToolbarService.php, line 206
DebugKit\Middleware\DebugKitMiddleware::__invoke() - ROOT\vendor\cakephp\debug_kit\src\Middleware\DebugKitMiddleware.php, line 53
Cake\Http\Runner::__invoke() - CORE\src\Http\Runner.php, line 65
Cake\Http\Runner::run() - CORE\src\Http\Runner.php, line 51
Cake\Http\Server::run() - CORE\src\Http\Server.php, line 81
[main] - ROOT\webroot\index.php, line 40



2018-09-05 00:29:52 Notice: Notice (8): Undefined variable: primaryColumns in [C:\xampp\htdocs\Decanatura\vendor\cakephp\cakephp\src\ORM\Table.php, line 1790]
Request URL: /users/add
Referer URL: http://127.0.0.1/Decanatura/users/add
Client IP: 127.0.0.1
Trace:
Cake\Error\BaseErrorHandler::handleError() - CORE\src\Error\BaseErrorHandler.php, line 153
Cake\ORM\Table::_processSave() - CORE\src\ORM\Table.php, line 1790
Cake\ORM\Table::Cake\ORM\{closure}() - CORE\src\ORM\Table.php, line 1741
Cake\ORM\Table::Cake\ORM\{closure}() - CORE\src\ORM\Table.php, line 1459
Cake\Database\Connection::transactional() - CORE\src\Database\Connection.php, line 682
Cake\ORM\Table::_executeTransaction() - CORE\src\ORM\Table.php, line 1460
Cake\ORM\Table::save() - CORE\src\ORM\Table.php, line 1742
Cake\ORM\Association\HasMany::_saveTarget() - CORE\src\ORM\Association\HasMany.php, line 239
Cake\ORM\Association\HasMany::saveAssociated() - CORE\src\ORM\Association\HasMany.php, line 200
Cake\ORM\AssociationCollection::_save() - CORE\src\ORM\AssociationCollection.php, line 274
Cake\ORM\AssociationCollection::_saveAssociations() - CORE\src\ORM\AssociationCollection.php, line 248
Cake\ORM\AssociationCollection::saveChildren() - CORE\src\ORM\AssociationCollection.php, line 213
Cake\ORM\Table::_onSaveSuccess() - CORE\src\ORM\Table.php, line 1869
Cake\ORM\Table::_processSave() - CORE\src\ORM\Table.php, line 1842
Cake\ORM\Table::Cake\ORM\{closure}() - CORE\src\ORM\Table.php, line 1741
Cake\ORM\Table::Cake\ORM\{closure}() - CORE\src\ORM\Table.php, line 1459
Cake\Database\Connection::transactional() - CORE\src\Database\Connection.php, line 682
Cake\ORM\Table::_executeTransaction() - CORE\src\ORM\Table.php, line 1460
Cake\ORM\Table::save() - CORE\src\ORM\Table.php, line 1742
DebugKit\ToolbarService::saveData() - ROOT\vendor\cakephp\debug_kit\src\ToolbarService.php, line 206
DebugKit\Middleware\DebugKitMiddleware::__invoke() - ROOT\vendor\cakephp\debug_kit\src\Middleware\DebugKitMiddleware.php, line 53
Cake\Http\Runner::__invoke() - CORE\src\Http\Runner.php, line 65
Cake\Http\Runner::run() - CORE\src\Http\Runner.php, line 51
Cake\Http\Server::run() - CORE\src\Http\Server.php, line 81
[main] - ROOT\webroot\index.php, line 40



2018-09-05 00:29:52 Notice: Notice (8): Undefined variable: primaryColumns in [C:\xampp\htdocs\Decanatura\vendor\cakephp\cakephp\src\ORM\Table.php, line 1790]
Request URL: /users/add
Referer URL: http://127.0.0.1/Decanatura/users/add
Client IP: 127.0.0.1
Trace:
Cake\Error\BaseErrorHandler::handleError() - CORE\src\Error\BaseErrorHandler.php, line 153
Cake\ORM\Table::_processSave() - CORE\src\ORM\Table.php, line 1790
Cake\ORM\Table::Cake\ORM\{closure}() - CORE\src\ORM\Table.php, line 1741
Cake\ORM\Table::Cake\ORM\{closure}() - CORE\src\ORM\Table.php, line 1459
Cake\Database\Connection::transactional() - CORE\src\Database\Connection.php, line 682
Cake\ORM\Table::_executeTransaction() - CORE\src\ORM\Table.php, line 1460
Cake\ORM\Table::save() - CORE\src\ORM\Table.php, line 1742
Cake\ORM\Association\HasMany::_saveTarget() - CORE\src\ORM\Association\HasMany.php, line 239
Cake\ORM\Association\HasMany::saveAssociated() - CORE\src\ORM\Association\HasMany.php, line 200
Cake\ORM\AssociationCollection::_save() - CORE\src\ORM\AssociationCollection.php, line 274
Cake\ORM\AssociationCollection::_saveAssociations() - CORE\src\ORM\AssociationCollection.php, line 248
Cake\ORM\AssociationCollection::saveChildren() - CORE\src\ORM\AssociationCollection.php, line 213
Cake\ORM\Table::_onSaveSuccess() - CORE\src\ORM\Table.php, line 1869
Cake\ORM\Table::_processSave() - CORE\src\ORM\Table.php, line 1842
Cake\ORM\Table::Cake\ORM\{closure}() - CORE\src\ORM\Table.php, line 1741
Cake\ORM\Table::Cake\ORM\{closure}() - CORE\src\ORM\Table.php, line 1459
Cake\Database\Connection::transactional() - CORE\src\Database\Connection.php, line 682
Cake\ORM\Table::_executeTransaction() - CORE\src\ORM\Table.php, line 1460
Cake\ORM\Table::save() - CORE\src\ORM\Table.php, line 1742
DebugKit\ToolbarService::saveData() - ROOT\vendor\cakephp\debug_kit\src\ToolbarService.php, line 206
DebugKit\Middleware\DebugKitMiddleware::__invoke() - ROOT\vendor\cakephp\debug_kit\src\Middleware\DebugKitMiddleware.php, line 53
Cake\Http\Runner::__invoke() - CORE\src\Http\Runner.php, line 65
Cake\Http\Runner::run() - CORE\src\Http\Runner.php, line 51
Cake\Http\Server::run() - CORE\src\Http\Server.php, line 81
[main] - ROOT\webroot\index.php, line 40



2018-09-05 00:29:52 Notice: Notice (8): Undefined variable: primaryColumns in [C:\xampp\htdocs\Decanatura\vendor\cakephp\cakephp\src\ORM\Table.php, line 1790]
Request URL: /users/add
Referer URL: http://127.0.0.1/Decanatura/users/add
Client IP: 127.0.0.1
Trace:
Cake\Error\BaseErrorHandler::handleError() - CORE\src\Error\BaseErrorHandler.php, line 153
Cake\ORM\Table::_processSave() - CORE\src\ORM\Table.php, line 1790
Cake\ORM\Table::Cake\ORM\{closure}() - CORE\src\ORM\Table.php, line 1741
Cake\ORM\Table::Cake\ORM\{closure}() - CORE\src\ORM\Table.php, line 1459
Cake\Database\Connection::transactional() - CORE\src\Database\Connection.php, line 682
Cake\ORM\Table::_executeTransaction() - CORE\src\ORM\Table.php, line 1460
Cake\ORM\Table::save() - CORE\src\ORM\Table.php, line 1742
Cake\ORM\Association\HasMany::_saveTarget() - CORE\src\ORM\Association\HasMany.php, line 239
Cake\ORM\Association\HasMany::saveAssociated() - CORE\src\ORM\Association\HasMany.php, line 200
Cake\ORM\AssociationCollection::_save() - CORE\src\ORM\AssociationCollection.php, line 274
Cake\ORM\AssociationCollection::_saveAssociations() - CORE\src\ORM\AssociationCollection.php, line 248
Cake\ORM\AssociationCollection::saveChildren() - CORE\src\ORM\AssociationCollection.php, line 213
Cake\ORM\Table::_onSaveSuccess() - CORE\src\ORM\Table.php, line 1869
Cake\ORM\Table::_processSave() - CORE\src\ORM\Table.php, line 1842
Cake\ORM\Table::Cake\ORM\{closure}() - CORE\src\ORM\Table.php, line 1741
Cake\ORM\Table::Cake\ORM\{closure}() - CORE\src\ORM\Table.php, line 1459
Cake\Database\Connection::transactional() - CORE\src\Database\Connection.php, line 682
Cake\ORM\Table::_executeTransaction() - CORE\src\ORM\Table.php, line 1460
Cake\ORM\Table::save() - CORE\src\ORM\Table.php, line 1742
DebugKit\ToolbarService::saveData() - ROOT\vendor\cakephp\debug_kit\src\ToolbarService.php, line 206
DebugKit\Middleware\DebugKitMiddleware::__invoke() - ROOT\vendor\cakephp\debug_kit\src\Middleware\DebugKitMiddleware.php, line 53
Cake\Http\Runner::__invoke() - CORE\src\Http\Runner.php, line 65
Cake\Http\Runner::run() - CORE\src\Http\Runner.php, line 51
Cake\Http\Server::run() - CORE\src\Http\Server.php, line 81
[main] - ROOT\webroot\index.php, line 40



2018-09-05 00:29:52 Notice: Notice (8): Undefined variable: primaryColumns in [C:\xampp\htdocs\Decanatura\vendor\cakephp\cakephp\src\ORM\Table.php, line 1790]
Request URL: /users/add
Referer URL: http://127.0.0.1/Decanatura/users/add
Client IP: 127.0.0.1
Trace:
Cake\Error\BaseErrorHandler::handleError() - CORE\src\Error\BaseErrorHandler.php, line 153
Cake\ORM\Table::_processSave() - CORE\src\ORM\Table.php, line 1790
Cake\ORM\Table::Cake\ORM\{closure}() - CORE\src\ORM\Table.php, line 1741
Cake\ORM\Table::Cake\ORM\{closure}() - CORE\src\ORM\Table.php, line 1459
Cake\Database\Connection::transactional() - CORE\src\Database\Connection.php, line 682
Cake\ORM\Table::_executeTransaction() - CORE\src\ORM\Table.php, line 1460
Cake\ORM\Table::save() - CORE\src\ORM\Table.php, line 1742
Cake\ORM\Association\HasMany::_saveTarget() - CORE\src\ORM\Association\HasMany.php, line 239
Cake\ORM\Association\HasMany::saveAssociated() - CORE\src\ORM\Association\HasMany.php, line 200
Cake\ORM\AssociationCollection::_save() - CORE\src\ORM\AssociationCollection.php, line 274
Cake\ORM\AssociationCollection::_saveAssociations() - CORE\src\ORM\AssociationCollection.php, line 248
Cake\ORM\AssociationCollection::saveChildren() - CORE\src\ORM\AssociationCollection.php, line 213
Cake\ORM\Table::_onSaveSuccess() - CORE\src\ORM\Table.php, line 1869
Cake\ORM\Table::_processSave() - CORE\src\ORM\Table.php, line 1842
Cake\ORM\Table::Cake\ORM\{closure}() - CORE\src\ORM\Table.php, line 1741
Cake\ORM\Table::Cake\ORM\{closure}() - CORE\src\ORM\Table.php, line 1459
Cake\Database\Connection::transactional() - CORE\src\Database\Connection.php, line 682
Cake\ORM\Table::_executeTransaction() - CORE\src\ORM\Table.php, line 1460
Cake\ORM\Table::save() - CORE\src\ORM\Table.php, line 1742
DebugKit\ToolbarService::saveData() - ROOT\vendor\cakephp\debug_kit\src\ToolbarService.php, line 206
DebugKit\Middleware\DebugKitMiddleware::__invoke() - ROOT\vendor\cakephp\debug_kit\src\Middleware\DebugKitMiddleware.php, line 53
Cake\Http\Runner::__invoke() - CORE\src\Http\Runner.php, line 65
Cake\Http\Runner::run() - CORE\src\Http\Runner.php, line 51
Cake\Http\Server::run() - CORE\src\Http\Server.php, line 81
[main] - ROOT\webroot\index.php, line 40



2018-09-05 00:29:58 Notice: Notice (8): Undefined variable: primaryColumns in [C:\xampp\htdocs\Decanatura\vendor\cakephp\cakephp\src\ORM\Table.php, line 1790]
Request URL: /users/add
Referer URL: http://127.0.0.1/Decanatura/users/add
Client IP: 127.0.0.1
Trace:
Cake\Error\BaseErrorHandler::handleError() - CORE\src\Error\BaseErrorHandler.php, line 153
Cake\ORM\Table::_processSave() - CORE\src\ORM\Table.php, line 1790
Cake\ORM\Table::Cake\ORM\{closure}() - CORE\src\ORM\Table.php, line 1741
Cake\ORM\Table::Cake\ORM\{closure}() - CORE\src\ORM\Table.php, line 1459
Cake\Database\Connection::transactional() - CORE\src\Database\Connection.php, line 682
Cake\ORM\Table::_executeTransaction() - CORE\src\ORM\Table.php, line 1460
Cake\ORM\Table::save() - CORE\src\ORM\Table.php, line 1742
DebugKit\ToolbarService::saveData() - ROOT\vendor\cakephp\debug_kit\src\ToolbarService.php, line 206
DebugKit\Middleware\DebugKitMiddleware::__invoke() - ROOT\vendor\cakephp\debug_kit\src\Middleware\DebugKitMiddleware.php, line 53
Cake\Http\Runner::__invoke() - CORE\src\Http\Runner.php, line 65
Cake\Http\Runner::run() - CORE\src\Http\Runner.php, line 51
Cake\Http\Server::run() - CORE\src\Http\Server.php, line 81
[main] - ROOT\webroot\index.php, line 40



2018-09-05 00:29:58 Notice: Notice (8): Undefined variable: primaryColumns in [C:\xampp\htdocs\Decanatura\vendor\cakephp\cakephp\src\ORM\Table.php, line 1790]
Request URL: /users/add
Referer URL: http://127.0.0.1/Decanatura/users/add
Client IP: 127.0.0.1
Trace:
Cake\Error\BaseErrorHandler::handleError() - CORE\src\Error\BaseErrorHandler.php, line 153
Cake\ORM\Table::_processSave() - CORE\src\ORM\Table.php, line 1790
Cake\ORM\Table::Cake\ORM\{closure}() - CORE\src\ORM\Table.php, line 1741
Cake\ORM\Table::Cake\ORM\{closure}() - CORE\src\ORM\Table.php, line 1459
Cake\Database\Connection::transactional() - CORE\src\Database\Connection.php, line 682
Cake\ORM\Table::_executeTransaction() - CORE\src\ORM\Table.php, line 1460
Cake\ORM\Table::save() - CORE\src\ORM\Table.php, line 1742
Cake\ORM\Association\HasMany::_saveTarget() - CORE\src\ORM\Association\HasMany.php, line 239
Cake\ORM\Association\HasMany::saveAssociated() - CORE\src\ORM\Association\HasMany.php, line 200
Cake\ORM\AssociationCollection::_save() - CORE\src\ORM\AssociationCollection.php, line 274
Cake\ORM\AssociationCollection::_saveAssociations() - CORE\src\ORM\AssociationCollection.php, line 248
Cake\ORM\AssociationCollection::saveChildren() - CORE\src\ORM\AssociationCollection.php, line 213
Cake\ORM\Table::_onSaveSuccess() - CORE\src\ORM\Table.php, line 1869
Cake\ORM\Table::_processSave() - CORE\src\ORM\Table.php, line 1842
Cake\ORM\Table::Cake\ORM\{closure}() - CORE\src\ORM\Table.php, line 1741
Cake\ORM\Table::Cake\ORM\{closure}() - CORE\src\ORM\Table.php, line 1459
Cake\Database\Connection::transactional() - CORE\src\Database\Connection.php, line 682
Cake\ORM\Table::_executeTransaction() - CORE\src\ORM\Table.php, line 1460
Cake\ORM\Table::save() - CORE\src\ORM\Table.php, line 1742
DebugKit\ToolbarService::saveData() - ROOT\vendor\cakephp\debug_kit\src\ToolbarService.php, line 206
DebugKit\Middleware\DebugKitMiddleware::__invoke() - ROOT\vendor\cakephp\debug_kit\src\Middleware\DebugKitMiddleware.php, line 53
Cake\Http\Runner::__invoke() - CORE\src\Http\Runner.php, line 65
Cake\Http\Runner::run() - CORE\src\Http\Runner.php, line 51
Cake\Http\Server::run() - CORE\src\Http\Server.php, line 81
[main] - ROOT\webroot\index.php, line 40



2018-09-05 00:29:58 Notice: Notice (8): Undefined variable: primaryColumns in [C:\xampp\htdocs\Decanatura\vendor\cakephp\cakephp\src\ORM\Table.php, line 1790]
Request URL: /users/add
Referer URL: http://127.0.0.1/Decanatura/users/add
Client IP: 127.0.0.1
Trace:
Cake\Error\BaseErrorHandler::handleError() - CORE\src\Error\BaseErrorHandler.php, line 153
Cake\ORM\Table::_processSave() - CORE\src\ORM\Table.php, line 1790
Cake\ORM\Table::Cake\ORM\{closure}() - CORE\src\ORM\Table.php, line 1741
Cake\ORM\Table::Cake\ORM\{closure}() - CORE\src\ORM\Table.php, line 1459
Cake\Database\Connection::transactional() - CORE\src\Database\Connection.php, line 682
Cake\ORM\Table::_executeTransaction() - CORE\src\ORM\Table.php, line 1460
Cake\ORM\Table::save() - CORE\src\ORM\Table.php, line 1742
Cake\ORM\Association\HasMany::_saveTarget() - CORE\src\ORM\Association\HasMany.php, line 239
Cake\ORM\Association\HasMany::saveAssociated() - CORE\src\ORM\Association\HasMany.php, line 200
Cake\ORM\AssociationCollection::_save() - CORE\src\ORM\AssociationCollection.php, line 274
Cake\ORM\AssociationCollection::_saveAssociations() - CORE\src\ORM\AssociationCollection.php, line 248
Cake\ORM\AssociationCollection::saveChildren() - CORE\src\ORM\AssociationCollection.php, line 213
Cake\ORM\Table::_onSaveSuccess() - CORE\src\ORM\Table.php, line 1869
Cake\ORM\Table::_processSave() - CORE\src\ORM\Table.php, line 1842
Cake\ORM\Table::Cake\ORM\{closure}() - CORE\src\ORM\Table.php, line 1741
Cake\ORM\Table::Cake\ORM\{closure}() - CORE\src\ORM\Table.php, line 1459
Cake\Database\Connection::transactional() - CORE\src\Database\Connection.php, line 682
Cake\ORM\Table::_executeTransaction() - CORE\src\ORM\Table.php, line 1460
Cake\ORM\Table::save() - CORE\src\ORM\Table.php, line 1742
DebugKit\ToolbarService::saveData() - ROOT\vendor\cakephp\debug_kit\src\ToolbarService.php, line 206
DebugKit\Middleware\DebugKitMiddleware::__invoke() - ROOT\vendor\cakephp\debug_kit\src\Middleware\DebugKitMiddleware.php, line 53
Cake\Http\Runner::__invoke() - CORE\src\Http\Runner.php, line 65
Cake\Http\Runner::run() - CORE\src\Http\Runner.php, line 51
Cake\Http\Server::run() - CORE\src\Http\Server.php, line 81
[main] - ROOT\webroot\index.php, line 40



2018-09-05 00:29:58 Notice: Notice (8): Undefined variable: primaryColumns in [C:\xampp\htdocs\Decanatura\vendor\cakephp\cakephp\src\ORM\Table.php, line 1790]
Request URL: /users/add
Referer URL: http://127.0.0.1/Decanatura/users/add
Client IP: 127.0.0.1
Trace:
Cake\Error\BaseErrorHandler::handleError() - CORE\src\Error\BaseErrorHandler.php, line 153
Cake\ORM\Table::_processSave() - CORE\src\ORM\Table.php, line 1790
Cake\ORM\Table::Cake\ORM\{closure}() - CORE\src\ORM\Table.php, line 1741
Cake\ORM\Table::Cake\ORM\{closure}() - CORE\src\ORM\Table.php, line 1459
Cake\Database\Connection::transactional() - CORE\src\Database\Connection.php, line 682
Cake\ORM\Table::_executeTransaction() - CORE\src\ORM\Table.php, line 1460
Cake\ORM\Table::save() - CORE\src\ORM\Table.php, line 1742
Cake\ORM\Association\HasMany::_saveTarget() - CORE\src\ORM\Association\HasMany.php, line 239
Cake\ORM\Association\HasMany::saveAssociated() - CORE\src\ORM\Association\HasMany.php, line 200
Cake\ORM\AssociationCollection::_save() - CORE\src\ORM\AssociationCollection.php, line 274
Cake\ORM\AssociationCollection::_saveAssociations() - CORE\src\ORM\AssociationCollection.php, line 248
Cake\ORM\AssociationCollection::saveChildren() - CORE\src\ORM\AssociationCollection.php, line 213
Cake\ORM\Table::_onSaveSuccess() - CORE\src\ORM\Table.php, line 1869
Cake\ORM\Table::_processSave() - CORE\src\ORM\Table.php, line 1842
Cake\ORM\Table::Cake\ORM\{closure}() - CORE\src\ORM\Table.php, line 1741
Cake\ORM\Table::Cake\ORM\{closure}() - CORE\src\ORM\Table.php, line 1459
Cake\Database\Connection::transactional() - CORE\src\Database\Connection.php, line 682
Cake\ORM\Table::_executeTransaction() - CORE\src\ORM\Table.php, line 1460
Cake\ORM\Table::save() - CORE\src\ORM\Table.php, line 1742
DebugKit\ToolbarService::saveData() - ROOT\vendor\cakephp\debug_kit\src\ToolbarService.php, line 206
DebugKit\Middleware\DebugKitMiddleware::__invoke() - ROOT\vendor\cakephp\debug_kit\src\Middleware\DebugKitMiddleware.php, line 53
Cake\Http\Runner::__invoke() - CORE\src\Http\Runner.php, line 65
Cake\Http\Runner::run() - CORE\src\Http\Runner.php, line 51
Cake\Http\Server::run() - CORE\src\Http\Server.php, line 81
[main] - ROOT\webroot\index.php, line 40



2018-09-05 00:29:58 Notice: Notice (8): Undefined variable: primaryColumns in [C:\xampp\htdocs\Decanatura\vendor\cakephp\cakephp\src\ORM\Table.php, line 1790]
Request URL: /users/add
Referer URL: http://127.0.0.1/Decanatura/users/add
Client IP: 127.0.0.1
Trace:
Cake\Error\BaseErrorHandler::handleError() - CORE\src\Error\BaseErrorHandler.php, line 153
Cake\ORM\Table::_processSave() - CORE\src\ORM\Table.php, line 1790
Cake\ORM\Table::Cake\ORM\{closure}() - CORE\src\ORM\Table.php, line 1741
Cake\ORM\Table::Cake\ORM\{closure}() - CORE\src\ORM\Table.php, line 1459
Cake\Database\Connection::transactional() - CORE\src\Database\Connection.php, line 682
Cake\ORM\Table::_executeTransaction() - CORE\src\ORM\Table.php, line 1460
Cake\ORM\Table::save() - CORE\src\ORM\Table.php, line 1742
Cake\ORM\Association\HasMany::_saveTarget() - CORE\src\ORM\Association\HasMany.php, line 239
Cake\ORM\Association\HasMany::saveAssociated() - CORE\src\ORM\Association\HasMany.php, line 200
Cake\ORM\AssociationCollection::_save() - CORE\src\ORM\AssociationCollection.php, line 274
Cake\ORM\AssociationCollection::_saveAssociations() - CORE\src\ORM\AssociationCollection.php, line 248
Cake\ORM\AssociationCollection::saveChildren() - CORE\src\ORM\AssociationCollection.php, line 213
Cake\ORM\Table::_onSaveSuccess() - CORE\src\ORM\Table.php, line 1869
Cake\ORM\Table::_processSave() - CORE\src\ORM\Table.php, line 1842
Cake\ORM\Table::Cake\ORM\{closure}() - CORE\src\ORM\Table.php, line 1741
Cake\ORM\Table::Cake\ORM\{closure}() - CORE\src\ORM\Table.php, line 1459
Cake\Database\Connection::transactional() - CORE\src\Database\Connection.php, line 682
Cake\ORM\Table::_executeTransaction() - CORE\src\ORM\Table.php, line 1460
Cake\ORM\Table::save() - CORE\src\ORM\Table.php, line 1742
DebugKit\ToolbarService::saveData() - ROOT\vendor\cakephp\debug_kit\src\ToolbarService.php, line 206
DebugKit\Middleware\DebugKitMiddleware::__invoke() - ROOT\vendor\cakephp\debug_kit\src\Middleware\DebugKitMiddleware.php, line 53
Cake\Http\Runner::__invoke() - CORE\src\Http\Runner.php, line 65
Cake\Http\Runner::run() - CORE\src\Http\Runner.php, line 51
Cake\Http\Server::run() - CORE\src\Http\Server.php, line 81
[main] - ROOT\webroot\index.php, line 40



2018-09-05 00:29:58 Notice: Notice (8): Undefined variable: primaryColumns in [C:\xampp\htdocs\Decanatura\vendor\cakephp\cakephp\src\ORM\Table.php, line 1790]
Request URL: /users/add
Referer URL: http://127.0.0.1/Decanatura/users/add
Client IP: 127.0.0.1
Trace:
Cake\Error\BaseErrorHandler::handleError() - CORE\src\Error\BaseErrorHandler.php, line 153
Cake\ORM\Table::_processSave() - CORE\src\ORM\Table.php, line 1790
Cake\ORM\Table::Cake\ORM\{closure}() - CORE\src\ORM\Table.php, line 1741
Cake\ORM\Table::Cake\ORM\{closure}() - CORE\src\ORM\Table.php, line 1459
Cake\Database\Connection::transactional() - CORE\src\Database\Connection.php, line 682
Cake\ORM\Table::_executeTransaction() - CORE\src\ORM\Table.php, line 1460
Cake\ORM\Table::save() - CORE\src\ORM\Table.php, line 1742
Cake\ORM\Association\HasMany::_saveTarget() - CORE\src\ORM\Association\HasMany.php, line 239
Cake\ORM\Association\HasMany::saveAssociated() - CORE\src\ORM\Association\HasMany.php, line 200
Cake\ORM\AssociationCollection::_save() - CORE\src\ORM\AssociationCollection.php, line 274
Cake\ORM\AssociationCollection::_saveAssociations() - CORE\src\ORM\AssociationCollection.php, line 248
Cake\ORM\AssociationCollection::saveChildren() - CORE\src\ORM\AssociationCollection.php, line 213
Cake\ORM\Table::_onSaveSuccess() - CORE\src\ORM\Table.php, line 1869
Cake\ORM\Table::_processSave() - CORE\src\ORM\Table.php, line 1842
Cake\ORM\Table::Cake\ORM\{closure}() - CORE\src\ORM\Table.php, line 1741
Cake\ORM\Table::Cake\ORM\{closure}() - CORE\src\ORM\Table.php, line 1459
Cake\Database\Connection::transactional() - CORE\src\Database\Connection.php, line 682
Cake\ORM\Table::_executeTransaction() - CORE\src\ORM\Table.php, line 1460
Cake\ORM\Table::save() - CORE\src\ORM\Table.php, line 1742
DebugKit\ToolbarService::saveData() - ROOT\vendor\cakephp\debug_kit\src\ToolbarService.php, line 206
DebugKit\Middleware\DebugKitMiddleware::__invoke() - ROOT\vendor\cakephp\debug_kit\src\Middleware\DebugKitMiddleware.php, line 53
Cake\Http\Runner::__invoke() - CORE\src\Http\Runner.php, line 65
Cake\Http\Runner::run() - CORE\src\Http\Runner.php, line 51
Cake\Http\Server::run() - CORE\src\Http\Server.php, line 81
[main] - ROOT\webroot\index.php, line 40



2018-09-05 00:29:58 Notice: Notice (8): Undefined variable: primaryColumns in [C:\xampp\htdocs\Decanatura\vendor\cakephp\cakephp\src\ORM\Table.php, line 1790]
Request URL: /users/add
Referer URL: http://127.0.0.1/Decanatura/users/add
Client IP: 127.0.0.1
Trace:
Cake\Error\BaseErrorHandler::handleError() - CORE\src\Error\BaseErrorHandler.php, line 153
Cake\ORM\Table::_processSave() - CORE\src\ORM\Table.php, line 1790
Cake\ORM\Table::Cake\ORM\{closure}() - CORE\src\ORM\Table.php, line 1741
Cake\ORM\Table::Cake\ORM\{closure}() - CORE\src\ORM\Table.php, line 1459
Cake\Database\Connection::transactional() - CORE\src\Database\Connection.php, line 682
Cake\ORM\Table::_executeTransaction() - CORE\src\ORM\Table.php, line 1460
Cake\ORM\Table::save() - CORE\src\ORM\Table.php, line 1742
Cake\ORM\Association\HasMany::_saveTarget() - CORE\src\ORM\Association\HasMany.php, line 239
Cake\ORM\Association\HasMany::saveAssociated() - CORE\src\ORM\Association\HasMany.php, line 200
Cake\ORM\AssociationCollection::_save() - CORE\src\ORM\AssociationCollection.php, line 274
Cake\ORM\AssociationCollection::_saveAssociations() - CORE\src\ORM\AssociationCollection.php, line 248
Cake\ORM\AssociationCollection::saveChildren() - CORE\src\ORM\AssociationCollection.php, line 213
Cake\ORM\Table::_onSaveSuccess() - CORE\src\ORM\Table.php, line 1869
Cake\ORM\Table::_processSave() - CORE\src\ORM\Table.php, line 1842
Cake\ORM\Table::Cake\ORM\{closure}() - CORE\src\ORM\Table.php, line 1741
Cake\ORM\Table::Cake\ORM\{closure}() - CORE\src\ORM\Table.php, line 1459
Cake\Database\Connection::transactional() - CORE\src\Database\Connection.php, line 682
Cake\ORM\Table::_executeTransaction() - CORE\src\ORM\Table.php, line 1460
Cake\ORM\Table::save() - CORE\src\ORM\Table.php, line 1742
DebugKit\ToolbarService::saveData() - ROOT\vendor\cakephp\debug_kit\src\ToolbarService.php, line 206
DebugKit\Middleware\DebugKitMiddleware::__invoke() - ROOT\vendor\cakephp\debug_kit\src\Middleware\DebugKitMiddleware.php, line 53
Cake\Http\Runner::__invoke() - CORE\src\Http\Runner.php, line 65
Cake\Http\Runner::run() - CORE\src\Http\Runner.php, line 51
Cake\Http\Server::run() - CORE\src\Http\Server.php, line 81
[main] - ROOT\webroot\index.php, line 40



2018-09-05 00:29:58 Notice: Notice (8): Undefined variable: primaryColumns in [C:\xampp\htdocs\Decanatura\vendor\cakephp\cakephp\src\ORM\Table.php, line 1790]
Request URL: /users/add
Referer URL: http://127.0.0.1/Decanatura/users/add
Client IP: 127.0.0.1
Trace:
Cake\Error\BaseErrorHandler::handleError() - CORE\src\Error\BaseErrorHandler.php, line 153
Cake\ORM\Table::_processSave() - CORE\src\ORM\Table.php, line 1790
Cake\ORM\Table::Cake\ORM\{closure}() - CORE\src\ORM\Table.php, line 1741
Cake\ORM\Table::Cake\ORM\{closure}() - CORE\src\ORM\Table.php, line 1459
Cake\Database\Connection::transactional() - CORE\src\Database\Connection.php, line 682
Cake\ORM\Table::_executeTransaction() - CORE\src\ORM\Table.php, line 1460
Cake\ORM\Table::save() - CORE\src\ORM\Table.php, line 1742
Cake\ORM\Association\HasMany::_saveTarget() - CORE\src\ORM\Association\HasMany.php, line 239
Cake\ORM\Association\HasMany::saveAssociated() - CORE\src\ORM\Association\HasMany.php, line 200
Cake\ORM\AssociationCollection::_save() - CORE\src\ORM\AssociationCollection.php, line 274
Cake\ORM\AssociationCollection::_saveAssociations() - CORE\src\ORM\AssociationCollection.php, line 248
Cake\ORM\AssociationCollection::saveChildren() - CORE\src\ORM\AssociationCollection.php, line 213
Cake\ORM\Table::_onSaveSuccess() - CORE\src\ORM\Table.php, line 1869
Cake\ORM\Table::_processSave() - CORE\src\ORM\Table.php, line 1842
Cake\ORM\Table::Cake\ORM\{closure}() - CORE\src\ORM\Table.php, line 1741
Cake\ORM\Table::Cake\ORM\{closure}() - CORE\src\ORM\Table.php, line 1459
Cake\Database\Connection::transactional() - CORE\src\Database\Connection.php, line 682
Cake\ORM\Table::_executeTransaction() - CORE\src\ORM\Table.php, line 1460
Cake\ORM\Table::save() - CORE\src\ORM\Table.php, line 1742
DebugKit\ToolbarService::saveData() - ROOT\vendor\cakephp\debug_kit\src\ToolbarService.php, line 206
DebugKit\Middleware\DebugKitMiddleware::__invoke() - ROOT\vendor\cakephp\debug_kit\src\Middleware\DebugKitMiddleware.php, line 53
Cake\Http\Runner::__invoke() - CORE\src\Http\Runner.php, line 65
Cake\Http\Runner::run() - CORE\src\Http\Runner.php, line 51
Cake\Http\Server::run() - CORE\src\Http\Server.php, line 81
[main] - ROOT\webroot\index.php, line 40



2018-09-05 00:29:58 Notice: Notice (8): Undefined variable: primaryColumns in [C:\xampp\htdocs\Decanatura\vendor\cakephp\cakephp\src\ORM\Table.php, line 1790]
Request URL: /users/add
Referer URL: http://127.0.0.1/Decanatura/users/add
Client IP: 127.0.0.1
Trace:
Cake\Error\BaseErrorHandler::handleError() - CORE\src\Error\BaseErrorHandler.php, line 153
Cake\ORM\Table::_processSave() - CORE\src\ORM\Table.php, line 1790
Cake\ORM\Table::Cake\ORM\{closure}() - CORE\src\ORM\Table.php, line 1741
Cake\ORM\Table::Cake\ORM\{closure}() - CORE\src\ORM\Table.php, line 1459
Cake\Database\Connection::transactional() - CORE\src\Database\Connection.php, line 682
Cake\ORM\Table::_executeTransaction() - CORE\src\ORM\Table.php, line 1460
Cake\ORM\Table::save() - CORE\src\ORM\Table.php, line 1742
Cake\ORM\Association\HasMany::_saveTarget() - CORE\src\ORM\Association\HasMany.php, line 239
Cake\ORM\Association\HasMany::saveAssociated() - CORE\src\ORM\Association\HasMany.php, line 200
Cake\ORM\AssociationCollection::_save() - CORE\src\ORM\AssociationCollection.php, line 274
Cake\ORM\AssociationCollection::_saveAssociations() - CORE\src\ORM\AssociationCollection.php, line 248
Cake\ORM\AssociationCollection::saveChildren() - CORE\src\ORM\AssociationCollection.php, line 213
Cake\ORM\Table::_onSaveSuccess() - CORE\src\ORM\Table.php, line 1869
Cake\ORM\Table::_processSave() - CORE\src\ORM\Table.php, line 1842
Cake\ORM\Table::Cake\ORM\{closure}() - CORE\src\ORM\Table.php, line 1741
Cake\ORM\Table::Cake\ORM\{closure}() - CORE\src\ORM\Table.php, line 1459
Cake\Database\Connection::transactional() - CORE\src\Database\Connection.php, line 682
Cake\ORM\Table::_executeTransaction() - CORE\src\ORM\Table.php, line 1460
Cake\ORM\Table::save() - CORE\src\ORM\Table.php, line 1742
DebugKit\ToolbarService::saveData() - ROOT\vendor\cakephp\debug_kit\src\ToolbarService.php, line 206
DebugKit\Middleware\DebugKitMiddleware::__invoke() - ROOT\vendor\cakephp\debug_kit\src\Middleware\DebugKitMiddleware.php, line 53
Cake\Http\Runner::__invoke() - CORE\src\Http\Runner.php, line 65
Cake\Http\Runner::run() - CORE\src\Http\Runner.php, line 51
Cake\Http\Server::run() - CORE\src\Http\Server.php, line 81
[main] - ROOT\webroot\index.php, line 40



2018-09-05 00:29:58 Notice: Notice (8): Undefined variable: primaryColumns in [C:\xampp\htdocs\Decanatura\vendor\cakephp\cakephp\src\ORM\Table.php, line 1790]
Request URL: /users/add
Referer URL: http://127.0.0.1/Decanatura/users/add
Client IP: 127.0.0.1
Trace:
Cake\Error\BaseErrorHandler::handleError() - CORE\src\Error\BaseErrorHandler.php, line 153
Cake\ORM\Table::_processSave() - CORE\src\ORM\Table.php, line 1790
Cake\ORM\Table::Cake\ORM\{closure}() - CORE\src\ORM\Table.php, line 1741
Cake\ORM\Table::Cake\ORM\{closure}() - CORE\src\ORM\Table.php, line 1459
Cake\Database\Connection::transactional() - CORE\src\Database\Connection.php, line 682
Cake\ORM\Table::_executeTransaction() - CORE\src\ORM\Table.php, line 1460
Cake\ORM\Table::save() - CORE\src\ORM\Table.php, line 1742
Cake\ORM\Association\HasMany::_saveTarget() - CORE\src\ORM\Association\HasMany.php, line 239
Cake\ORM\Association\HasMany::saveAssociated() - CORE\src\ORM\Association\HasMany.php, line 200
Cake\ORM\AssociationCollection::_save() - CORE\src\ORM\AssociationCollection.php, line 274
Cake\ORM\AssociationCollection::_saveAssociations() - CORE\src\ORM\AssociationCollection.php, line 248
Cake\ORM\AssociationCollection::saveChildren() - CORE\src\ORM\AssociationCollection.php, line 213
Cake\ORM\Table::_onSaveSuccess() - CORE\src\ORM\Table.php, line 1869
Cake\ORM\Table::_processSave() - CORE\src\ORM\Table.php, line 1842
Cake\ORM\Table::Cake\ORM\{closure}() - CORE\src\ORM\Table.php, line 1741
Cake\ORM\Table::Cake\ORM\{closure}() - CORE\src\ORM\Table.php, line 1459
Cake\Database\Connection::transactional() - CORE\src\Database\Connection.php, line 682
Cake\ORM\Table::_executeTransaction() - CORE\src\ORM\Table.php, line 1460
Cake\ORM\Table::save() - CORE\src\ORM\Table.php, line 1742
DebugKit\ToolbarService::saveData() - ROOT\vendor\cakephp\debug_kit\src\ToolbarService.php, line 206
DebugKit\Middleware\DebugKitMiddleware::__invoke() - ROOT\vendor\cakephp\debug_kit\src\Middleware\DebugKitMiddleware.php, line 53
Cake\Http\Runner::__invoke() - CORE\src\Http\Runner.php, line 65
Cake\Http\Runner::run() - CORE\src\Http\Runner.php, line 51
Cake\Http\Server::run() - CORE\src\Http\Server.php, line 81
[main] - ROOT\webroot\index.php, line 40



2018-09-05 00:29:58 Notice: Notice (8): Undefined variable: primaryColumns in [C:\xampp\htdocs\Decanatura\vendor\cakephp\cakephp\src\ORM\Table.php, line 1790]
Request URL: /users/add
Referer URL: http://127.0.0.1/Decanatura/users/add
Client IP: 127.0.0.1
Trace:
Cake\Error\BaseErrorHandler::handleError() - CORE\src\Error\BaseErrorHandler.php, line 153
Cake\ORM\Table::_processSave() - CORE\src\ORM\Table.php, line 1790
Cake\ORM\Table::Cake\ORM\{closure}() - CORE\src\ORM\Table.php, line 1741
Cake\ORM\Table::Cake\ORM\{closure}() - CORE\src\ORM\Table.php, line 1459
Cake\Database\Connection::transactional() - CORE\src\Database\Connection.php, line 682
Cake\ORM\Table::_executeTransaction() - CORE\src\ORM\Table.php, line 1460
Cake\ORM\Table::save() - CORE\src\ORM\Table.php, line 1742
Cake\ORM\Association\HasMany::_saveTarget() - CORE\src\ORM\Association\HasMany.php, line 239
Cake\ORM\Association\HasMany::saveAssociated() - CORE\src\ORM\Association\HasMany.php, line 200
Cake\ORM\AssociationCollection::_save() - CORE\src\ORM\AssociationCollection.php, line 274
Cake\ORM\AssociationCollection::_saveAssociations() - CORE\src\ORM\AssociationCollection.php, line 248
Cake\ORM\AssociationCollection::saveChildren() - CORE\src\ORM\AssociationCollection.php, line 213
Cake\ORM\Table::_onSaveSuccess() - CORE\src\ORM\Table.php, line 1869
Cake\ORM\Table::_processSave() - CORE\src\ORM\Table.php, line 1842
Cake\ORM\Table::Cake\ORM\{closure}() - CORE\src\ORM\Table.php, line 1741
Cake\ORM\Table::Cake\ORM\{closure}() - CORE\src\ORM\Table.php, line 1459
Cake\Database\Connection::transactional() - CORE\src\Database\Connection.php, line 682
Cake\ORM\Table::_executeTransaction() - CORE\src\ORM\Table.php, line 1460
Cake\ORM\Table::save() - CORE\src\ORM\Table.php, line 1742
DebugKit\ToolbarService::saveData() - ROOT\vendor\cakephp\debug_kit\src\ToolbarService.php, line 206
DebugKit\Middleware\DebugKitMiddleware::__invoke() - ROOT\vendor\cakephp\debug_kit\src\Middleware\DebugKitMiddleware.php, line 53
Cake\Http\Runner::__invoke() - CORE\src\Http\Runner.php, line 65
Cake\Http\Runner::run() - CORE\src\Http\Runner.php, line 51
Cake\Http\Server::run() - CORE\src\Http\Server.php, line 81
[main] - ROOT\webroot\index.php, line 40



2018-09-05 00:29:58 Notice: Notice (8): Undefined variable: primaryColumns in [C:\xampp\htdocs\Decanatura\vendor\cakephp\cakephp\src\ORM\Table.php, line 1790]
Request URL: /users/add
Referer URL: http://127.0.0.1/Decanatura/users/add
Client IP: 127.0.0.1
Trace:
Cake\Error\BaseErrorHandler::handleError() - CORE\src\Error\BaseErrorHandler.php, line 153
Cake\ORM\Table::_processSave() - CORE\src\ORM\Table.php, line 1790
Cake\ORM\Table::Cake\ORM\{closure}() - CORE\src\ORM\Table.php, line 1741
Cake\ORM\Table::Cake\ORM\{closure}() - CORE\src\ORM\Table.php, line 1459
Cake\Database\Connection::transactional() - CORE\src\Database\Connection.php, line 682
Cake\ORM\Table::_executeTransaction() - CORE\src\ORM\Table.php, line 1460
Cake\ORM\Table::save() - CORE\src\ORM\Table.php, line 1742
Cake\ORM\Association\HasMany::_saveTarget() - CORE\src\ORM\Association\HasMany.php, line 239
Cake\ORM\Association\HasMany::saveAssociated() - CORE\src\ORM\Association\HasMany.php, line 200
Cake\ORM\AssociationCollection::_save() - CORE\src\ORM\AssociationCollection.php, line 274
Cake\ORM\AssociationCollection::_saveAssociations() - CORE\src\ORM\AssociationCollection.php, line 248
Cake\ORM\AssociationCollection::saveChildren() - CORE\src\ORM\AssociationCollection.php, line 213
Cake\ORM\Table::_onSaveSuccess() - CORE\src\ORM\Table.php, line 1869
Cake\ORM\Table::_processSave() - CORE\src\ORM\Table.php, line 1842
Cake\ORM\Table::Cake\ORM\{closure}() - CORE\src\ORM\Table.php, line 1741
Cake\ORM\Table::Cake\ORM\{closure}() - CORE\src\ORM\Table.php, line 1459
Cake\Database\Connection::transactional() - CORE\src\Database\Connection.php, line 682
Cake\ORM\Table::_executeTransaction() - CORE\src\ORM\Table.php, line 1460
Cake\ORM\Table::save() - CORE\src\ORM\Table.php, line 1742
DebugKit\ToolbarService::saveData() - ROOT\vendor\cakephp\debug_kit\src\ToolbarService.php, line 206
DebugKit\Middleware\DebugKitMiddleware::__invoke() - ROOT\vendor\cakephp\debug_kit\src\Middleware\DebugKitMiddleware.php, line 53
Cake\Http\Runner::__invoke() - CORE\src\Http\Runner.php, line 65
Cake\Http\Runner::run() - CORE\src\Http\Runner.php, line 51
Cake\Http\Server::run() - CORE\src\Http\Server.php, line 81
[main] - ROOT\webroot\index.php, line 40



2018-09-05 00:29:58 Notice: Notice (8): Undefined variable: primaryColumns in [C:\xampp\htdocs\Decanatura\vendor\cakephp\cakephp\src\ORM\Table.php, line 1790]
Request URL: /users/add
Referer URL: http://127.0.0.1/Decanatura/users/add
Client IP: 127.0.0.1
Trace:
Cake\Error\BaseErrorHandler::handleError() - CORE\src\Error\BaseErrorHandler.php, line 153
Cake\ORM\Table::_processSave() - CORE\src\ORM\Table.php, line 1790
Cake\ORM\Table::Cake\ORM\{closure}() - CORE\src\ORM\Table.php, line 1741
Cake\ORM\Table::Cake\ORM\{closure}() - CORE\src\ORM\Table.php, line 1459
Cake\Database\Connection::transactional() - CORE\src\Database\Connection.php, line 682
Cake\ORM\Table::_executeTransaction() - CORE\src\ORM\Table.php, line 1460
Cake\ORM\Table::save() - CORE\src\ORM\Table.php, line 1742
Cake\ORM\Association\HasMany::_saveTarget() - CORE\src\ORM\Association\HasMany.php, line 239
Cake\ORM\Association\HasMany::saveAssociated() - CORE\src\ORM\Association\HasMany.php, line 200
Cake\ORM\AssociationCollection::_save() - CORE\src\ORM\AssociationCollection.php, line 274
Cake\ORM\AssociationCollection::_saveAssociations() - CORE\src\ORM\AssociationCollection.php, line 248
Cake\ORM\AssociationCollection::saveChildren() - CORE\src\ORM\AssociationCollection.php, line 213
Cake\ORM\Table::_onSaveSuccess() - CORE\src\ORM\Table.php, line 1869
Cake\ORM\Table::_processSave() - CORE\src\ORM\Table.php, line 1842
Cake\ORM\Table::Cake\ORM\{closure}() - CORE\src\ORM\Table.php, line 1741
Cake\ORM\Table::Cake\ORM\{closure}() - CORE\src\ORM\Table.php, line 1459
Cake\Database\Connection::transactional() - CORE\src\Database\Connection.php, line 682
Cake\ORM\Table::_executeTransaction() - CORE\src\ORM\Table.php, line 1460
Cake\ORM\Table::save() - CORE\src\ORM\Table.php, line 1742
DebugKit\ToolbarService::saveData() - ROOT\vendor\cakephp\debug_kit\src\ToolbarService.php, line 206
DebugKit\Middleware\DebugKitMiddleware::__invoke() - ROOT\vendor\cakephp\debug_kit\src\Middleware\DebugKitMiddleware.php, line 53
Cake\Http\Runner::__invoke() - CORE\src\Http\Runner.php, line 65
Cake\Http\Runner::run() - CORE\src\Http\Runner.php, line 51
Cake\Http\Server::run() - CORE\src\Http\Server.php, line 81
[main] - ROOT\webroot\index.php, line 40



2018-09-05 00:29:58 Notice: Notice (8): Undefined variable: primaryColumns in [C:\xampp\htdocs\Decanatura\vendor\cakephp\cakephp\src\ORM\Table.php, line 1790]
Request URL: /users/add
Referer URL: http://127.0.0.1/Decanatura/users/add
Client IP: 127.0.0.1
Trace:
Cake\Error\BaseErrorHandler::handleError() - CORE\src\Error\BaseErrorHandler.php, line 153
Cake\ORM\Table::_processSave() - CORE\src\ORM\Table.php, line 1790
Cake\ORM\Table::Cake\ORM\{closure}() - CORE\src\ORM\Table.php, line 1741
Cake\ORM\Table::Cake\ORM\{closure}() - CORE\src\ORM\Table.php, line 1459
Cake\Database\Connection::transactional() - CORE\src\Database\Connection.php, line 682
Cake\ORM\Table::_executeTransaction() - CORE\src\ORM\Table.php, line 1460
Cake\ORM\Table::save() - CORE\src\ORM\Table.php, line 1742
Cake\ORM\Association\HasMany::_saveTarget() - CORE\src\ORM\Association\HasMany.php, line 239
Cake\ORM\Association\HasMany::saveAssociated() - CORE\src\ORM\Association\HasMany.php, line 200
Cake\ORM\AssociationCollection::_save() - CORE\src\ORM\AssociationCollection.php, line 274
Cake\ORM\AssociationCollection::_saveAssociations() - CORE\src\ORM\AssociationCollection.php, line 248
Cake\ORM\AssociationCollection::saveChildren() - CORE\src\ORM\AssociationCollection.php, line 213
Cake\ORM\Table::_onSaveSuccess() - CORE\src\ORM\Table.php, line 1869
Cake\ORM\Table::_processSave() - CORE\src\ORM\Table.php, line 1842
Cake\ORM\Table::Cake\ORM\{closure}() - CORE\src\ORM\Table.php, line 1741
Cake\ORM\Table::Cake\ORM\{closure}() - CORE\src\ORM\Table.php, line 1459
Cake\Database\Connection::transactional() - CORE\src\Database\Connection.php, line 682
Cake\ORM\Table::_executeTransaction() - CORE\src\ORM\Table.php, line 1460
Cake\ORM\Table::save() - CORE\src\ORM\Table.php, line 1742
DebugKit\ToolbarService::saveData() - ROOT\vendor\cakephp\debug_kit\src\ToolbarService.php, line 206
DebugKit\Middleware\DebugKitMiddleware::__invoke() - ROOT\vendor\cakephp\debug_kit\src\Middleware\DebugKitMiddleware.php, line 53
Cake\Http\Runner::__invoke() - CORE\src\Http\Runner.php, line 65
Cake\Http\Runner::run() - CORE\src\Http\Runner.php, line 51
Cake\Http\Server::run() - CORE\src\Http\Server.php, line 81
[main] - ROOT\webroot\index.php, line 40



2018-09-05 00:30:08 Notice: Notice (8): Undefined variable: primaryColumns in [C:\xampp\htdocs\Decanatura\vendor\cakephp\cakephp\src\ORM\Table.php, line 1790]
Request URL: /users/add
Referer URL: http://127.0.0.1/Decanatura/users/add
Client IP: 127.0.0.1
Trace:
Cake\Error\BaseErrorHandler::handleError() - CORE\src\Error\BaseErrorHandler.php, line 153
Cake\ORM\Table::_processSave() - CORE\src\ORM\Table.php, line 1790
Cake\ORM\Table::Cake\ORM\{closure}() - CORE\src\ORM\Table.php, line 1741
Cake\ORM\Table::Cake\ORM\{closure}() - CORE\src\ORM\Table.php, line 1459
Cake\Database\Connection::transactional() - CORE\src\Database\Connection.php, line 682
Cake\ORM\Table::_executeTransaction() - CORE\src\ORM\Table.php, line 1460
Cake\ORM\Table::save() - CORE\src\ORM\Table.php, line 1742
DebugKit\ToolbarService::saveData() - ROOT\vendor\cakephp\debug_kit\src\ToolbarService.php, line 206
DebugKit\Middleware\DebugKitMiddleware::__invoke() - ROOT\vendor\cakephp\debug_kit\src\Middleware\DebugKitMiddleware.php, line 53
Cake\Http\Runner::__invoke() - CORE\src\Http\Runner.php, line 65
Cake\Http\Runner::run() - CORE\src\Http\Runner.php, line 51
Cake\Http\Server::run() - CORE\src\Http\Server.php, line 81
[main] - ROOT\webroot\index.php, line 40



2018-09-05 00:30:08 Notice: Notice (8): Undefined variable: primaryColumns in [C:\xampp\htdocs\Decanatura\vendor\cakephp\cakephp\src\ORM\Table.php, line 1790]
Request URL: /users/add
Referer URL: http://127.0.0.1/Decanatura/users/add
Client IP: 127.0.0.1
Trace:
Cake\Error\BaseErrorHandler::handleError() - CORE\src\Error\BaseErrorHandler.php, line 153
Cake\ORM\Table::_processSave() - CORE\src\ORM\Table.php, line 1790
Cake\ORM\Table::Cake\ORM\{closure}() - CORE\src\ORM\Table.php, line 1741
Cake\ORM\Table::Cake\ORM\{closure}() - CORE\src\ORM\Table.php, line 1459
Cake\Database\Connection::transactional() - CORE\src\Database\Connection.php, line 682
Cake\ORM\Table::_executeTransaction() - CORE\src\ORM\Table.php, line 1460
Cake\ORM\Table::save() - CORE\src\ORM\Table.php, line 1742
Cake\ORM\Association\HasMany::_saveTarget() - CORE\src\ORM\Association\HasMany.php, line 239
Cake\ORM\Association\HasMany::saveAssociated() - CORE\src\ORM\Association\HasMany.php, line 200
Cake\ORM\AssociationCollection::_save() - CORE\src\ORM\AssociationCollection.php, line 274
Cake\ORM\AssociationCollection::_saveAssociations() - CORE\src\ORM\AssociationCollection.php, line 248
Cake\ORM\AssociationCollection::saveChildren() - CORE\src\ORM\AssociationCollection.php, line 213
Cake\ORM\Table::_onSaveSuccess() - CORE\src\ORM\Table.php, line 1869
Cake\ORM\Table::_processSave() - CORE\src\ORM\Table.php, line 1842
Cake\ORM\Table::Cake\ORM\{closure}() - CORE\src\ORM\Table.php, line 1741
Cake\ORM\Table::Cake\ORM\{closure}() - CORE\src\ORM\Table.php, line 1459
Cake\Database\Connection::transactional() - CORE\src\Database\Connection.php, line 682
Cake\ORM\Table::_executeTransaction() - CORE\src\ORM\Table.php, line 1460
Cake\ORM\Table::save() - CORE\src\ORM\Table.php, line 1742
DebugKit\ToolbarService::saveData() - ROOT\vendor\cakephp\debug_kit\src\ToolbarService.php, line 206
DebugKit\Middleware\DebugKitMiddleware::__invoke() - ROOT\vendor\cakephp\debug_kit\src\Middleware\DebugKitMiddleware.php, line 53
Cake\Http\Runner::__invoke() - CORE\src\Http\Runner.php, line 65
Cake\Http\Runner::run() - CORE\src\Http\Runner.php, line 51
Cake\Http\Server::run() - CORE\src\Http\Server.php, line 81
[main] - ROOT\webroot\index.php, line 40



2018-09-05 00:30:08 Notice: Notice (8): Undefined variable: primaryColumns in [C:\xampp\htdocs\Decanatura\vendor\cakephp\cakephp\src\ORM\Table.php, line 1790]
Request URL: /users/add
Referer URL: http://127.0.0.1/Decanatura/users/add
Client IP: 127.0.0.1
Trace:
Cake\Error\BaseErrorHandler::handleError() - CORE\src\Error\BaseErrorHandler.php, line 153
Cake\ORM\Table::_processSave() - CORE\src\ORM\Table.php, line 1790
Cake\ORM\Table::Cake\ORM\{closure}() - CORE\src\ORM\Table.php, line 1741
Cake\ORM\Table::Cake\ORM\{closure}() - CORE\src\ORM\Table.php, line 1459
Cake\Database\Connection::transactional() - CORE\src\Database\Connection.php, line 682
Cake\ORM\Table::_executeTransaction() - CORE\src\ORM\Table.php, line 1460
Cake\ORM\Table::save() - CORE\src\ORM\Table.php, line 1742
Cake\ORM\Association\HasMany::_saveTarget() - CORE\src\ORM\Association\HasMany.php, line 239
Cake\ORM\Association\HasMany::saveAssociated() - CORE\src\ORM\Association\HasMany.php, line 200
Cake\ORM\AssociationCollection::_save() - CORE\src\ORM\AssociationCollection.php, line 274
Cake\ORM\AssociationCollection::_saveAssociations() - CORE\src\ORM\AssociationCollection.php, line 248
Cake\ORM\AssociationCollection::saveChildren() - CORE\src\ORM\AssociationCollection.php, line 213
Cake\ORM\Table::_onSaveSuccess() - CORE\src\ORM\Table.php, line 1869
Cake\ORM\Table::_processSave() - CORE\src\ORM\Table.php, line 1842
Cake\ORM\Table::Cake\ORM\{closure}() - CORE\src\ORM\Table.php, line 1741
Cake\ORM\Table::Cake\ORM\{closure}() - CORE\src\ORM\Table.php, line 1459
Cake\Database\Connection::transactional() - CORE\src\Database\Connection.php, line 682
Cake\ORM\Table::_executeTransaction() - CORE\src\ORM\Table.php, line 1460
Cake\ORM\Table::save() - CORE\src\ORM\Table.php, line 1742
DebugKit\ToolbarService::saveData() - ROOT\vendor\cakephp\debug_kit\src\ToolbarService.php, line 206
DebugKit\Middleware\DebugKitMiddleware::__invoke() - ROOT\vendor\cakephp\debug_kit\src\Middleware\DebugKitMiddleware.php, line 53
Cake\Http\Runner::__invoke() - CORE\src\Http\Runner.php, line 65
Cake\Http\Runner::run() - CORE\src\Http\Runner.php, line 51
Cake\Http\Server::run() - CORE\src\Http\Server.php, line 81
[main] - ROOT\webroot\index.php, line 40



2018-09-05 00:30:08 Notice: Notice (8): Undefined variable: primaryColumns in [C:\xampp\htdocs\Decanatura\vendor\cakephp\cakephp\src\ORM\Table.php, line 1790]
Request URL: /users/add
Referer URL: http://127.0.0.1/Decanatura/users/add
Client IP: 127.0.0.1
Trace:
Cake\Error\BaseErrorHandler::handleError() - CORE\src\Error\BaseErrorHandler.php, line 153
Cake\ORM\Table::_processSave() - CORE\src\ORM\Table.php, line 1790
Cake\ORM\Table::Cake\ORM\{closure}() - CORE\src\ORM\Table.php, line 1741
Cake\ORM\Table::Cake\ORM\{closure}() - CORE\src\ORM\Table.php, line 1459
Cake\Database\Connection::transactional() - CORE\src\Database\Connection.php, line 682
Cake\ORM\Table::_executeTransaction() - CORE\src\ORM\Table.php, line 1460
Cake\ORM\Table::save() - CORE\src\ORM\Table.php, line 1742
Cake\ORM\Association\HasMany::_saveTarget() - CORE\src\ORM\Association\HasMany.php, line 239
Cake\ORM\Association\HasMany::saveAssociated() - CORE\src\ORM\Association\HasMany.php, line 200
Cake\ORM\AssociationCollection::_save() - CORE\src\ORM\AssociationCollection.php, line 274
Cake\ORM\AssociationCollection::_saveAssociations() - CORE\src\ORM\AssociationCollection.php, line 248
Cake\ORM\AssociationCollection::saveChildren() - CORE\src\ORM\AssociationCollection.php, line 213
Cake\ORM\Table::_onSaveSuccess() - CORE\src\ORM\Table.php, line 1869
Cake\ORM\Table::_processSave() - CORE\src\ORM\Table.php, line 1842
Cake\ORM\Table::Cake\ORM\{closure}() - CORE\src\ORM\Table.php, line 1741
Cake\ORM\Table::Cake\ORM\{closure}() - CORE\src\ORM\Table.php, line 1459
Cake\Database\Connection::transactional() - CORE\src\Database\Connection.php, line 682
Cake\ORM\Table::_executeTransaction() - CORE\src\ORM\Table.php, line 1460
Cake\ORM\Table::save() - CORE\src\ORM\Table.php, line 1742
DebugKit\ToolbarService::saveData() - ROOT\vendor\cakephp\debug_kit\src\ToolbarService.php, line 206
DebugKit\Middleware\DebugKitMiddleware::__invoke() - ROOT\vendor\cakephp\debug_kit\src\Middleware\DebugKitMiddleware.php, line 53
Cake\Http\Runner::__invoke() - CORE\src\Http\Runner.php, line 65
Cake\Http\Runner::run() - CORE\src\Http\Runner.php, line 51
Cake\Http\Server::run() - CORE\src\Http\Server.php, line 81
[main] - ROOT\webroot\index.php, line 40



2018-09-05 00:30:08 Notice: Notice (8): Undefined variable: primaryColumns in [C:\xampp\htdocs\Decanatura\vendor\cakephp\cakephp\src\ORM\Table.php, line 1790]
Request URL: /users/add
Referer URL: http://127.0.0.1/Decanatura/users/add
Client IP: 127.0.0.1
Trace:
Cake\Error\BaseErrorHandler::handleError() - CORE\src\Error\BaseErrorHandler.php, line 153
Cake\ORM\Table::_processSave() - CORE\src\ORM\Table.php, line 1790
Cake\ORM\Table::Cake\ORM\{closure}() - CORE\src\ORM\Table.php, line 1741
Cake\ORM\Table::Cake\ORM\{closure}() - CORE\src\ORM\Table.php, line 1459
Cake\Database\Connection::transactional() - CORE\src\Database\Connection.php, line 682
Cake\ORM\Table::_executeTransaction() - CORE\src\ORM\Table.php, line 1460
Cake\ORM\Table::save() - CORE\src\ORM\Table.php, line 1742
Cake\ORM\Association\HasMany::_saveTarget() - CORE\src\ORM\Association\HasMany.php, line 239
Cake\ORM\Association\HasMany::saveAssociated() - CORE\src\ORM\Association\HasMany.php, line 200
Cake\ORM\AssociationCollection::_save() - CORE\src\ORM\AssociationCollection.php, line 274
Cake\ORM\AssociationCollection::_saveAssociations() - CORE\src\ORM\AssociationCollection.php, line 248
Cake\ORM\AssociationCollection::saveChildren() - CORE\src\ORM\AssociationCollection.php, line 213
Cake\ORM\Table::_onSaveSuccess() - CORE\src\ORM\Table.php, line 1869
Cake\ORM\Table::_processSave() - CORE\src\ORM\Table.php, line 1842
Cake\ORM\Table::Cake\ORM\{closure}() - CORE\src\ORM\Table.php, line 1741
Cake\ORM\Table::Cake\ORM\{closure}() - CORE\src\ORM\Table.php, line 1459
Cake\Database\Connection::transactional() - CORE\src\Database\Connection.php, line 682
Cake\ORM\Table::_executeTransaction() - CORE\src\ORM\Table.php, line 1460
Cake\ORM\Table::save() - CORE\src\ORM\Table.php, line 1742
DebugKit\ToolbarService::saveData() - ROOT\vendor\cakephp\debug_kit\src\ToolbarService.php, line 206
DebugKit\Middleware\DebugKitMiddleware::__invoke() - ROOT\vendor\cakephp\debug_kit\src\Middleware\DebugKitMiddleware.php, line 53
Cake\Http\Runner::__invoke() - CORE\src\Http\Runner.php, line 65
Cake\Http\Runner::run() - CORE\src\Http\Runner.php, line 51
Cake\Http\Server::run() - CORE\src\Http\Server.php, line 81
[main] - ROOT\webroot\index.php, line 40



2018-09-05 00:30:08 Notice: Notice (8): Undefined variable: primaryColumns in [C:\xampp\htdocs\Decanatura\vendor\cakephp\cakephp\src\ORM\Table.php, line 1790]
Request URL: /users/add
Referer URL: http://127.0.0.1/Decanatura/users/add
Client IP: 127.0.0.1
Trace:
Cake\Error\BaseErrorHandler::handleError() - CORE\src\Error\BaseErrorHandler.php, line 153
Cake\ORM\Table::_processSave() - CORE\src\ORM\Table.php, line 1790
Cake\ORM\Table::Cake\ORM\{closure}() - CORE\src\ORM\Table.php, line 1741
Cake\ORM\Table::Cake\ORM\{closure}() - CORE\src\ORM\Table.php, line 1459
Cake\Database\Connection::transactional() - CORE\src\Database\Connection.php, line 682
Cake\ORM\Table::_executeTransaction() - CORE\src\ORM\Table.php, line 1460
Cake\ORM\Table::save() - CORE\src\ORM\Table.php, line 1742
Cake\ORM\Association\HasMany::_saveTarget() - CORE\src\ORM\Association\HasMany.php, line 239
Cake\ORM\Association\HasMany::saveAssociated() - CORE\src\ORM\Association\HasMany.php, line 200
Cake\ORM\AssociationCollection::_save() - CORE\src\ORM\AssociationCollection.php, line 274
Cake\ORM\AssociationCollection::_saveAssociations() - CORE\src\ORM\AssociationCollection.php, line 248
Cake\ORM\AssociationCollection::saveChildren() - CORE\src\ORM\AssociationCollection.php, line 213
Cake\ORM\Table::_onSaveSuccess() - CORE\src\ORM\Table.php, line 1869
Cake\ORM\Table::_processSave() - CORE\src\ORM\Table.php, line 1842
Cake\ORM\Table::Cake\ORM\{closure}() - CORE\src\ORM\Table.php, line 1741
Cake\ORM\Table::Cake\ORM\{closure}() - CORE\src\ORM\Table.php, line 1459
Cake\Database\Connection::transactional() - CORE\src\Database\Connection.php, line 682
Cake\ORM\Table::_executeTransaction() - CORE\src\ORM\Table.php, line 1460
Cake\ORM\Table::save() - CORE\src\ORM\Table.php, line 1742
DebugKit\ToolbarService::saveData() - ROOT\vendor\cakephp\debug_kit\src\ToolbarService.php, line 206
DebugKit\Middleware\DebugKitMiddleware::__invoke() - ROOT\vendor\cakephp\debug_kit\src\Middleware\DebugKitMiddleware.php, line 53
Cake\Http\Runner::__invoke() - CORE\src\Http\Runner.php, line 65
Cake\Http\Runner::run() - CORE\src\Http\Runner.php, line 51
Cake\Http\Server::run() - CORE\src\Http\Server.php, line 81
[main] - ROOT\webroot\index.php, line 40



2018-09-05 00:30:08 Notice: Notice (8): Undefined variable: primaryColumns in [C:\xampp\htdocs\Decanatura\vendor\cakephp\cakephp\src\ORM\Table.php, line 1790]
Request URL: /users/add
Referer URL: http://127.0.0.1/Decanatura/users/add
Client IP: 127.0.0.1
Trace:
Cake\Error\BaseErrorHandler::handleError() - CORE\src\Error\BaseErrorHandler.php, line 153
Cake\ORM\Table::_processSave() - CORE\src\ORM\Table.php, line 1790
Cake\ORM\Table::Cake\ORM\{closure}() - CORE\src\ORM\Table.php, line 1741
Cake\ORM\Table::Cake\ORM\{closure}() - CORE\src\ORM\Table.php, line 1459
Cake\Database\Connection::transactional() - CORE\src\Database\Connection.php, line 682
Cake\ORM\Table::_executeTransaction() - CORE\src\ORM\Table.php, line 1460
Cake\ORM\Table::save() - CORE\src\ORM\Table.php, line 1742
Cake\ORM\Association\HasMany::_saveTarget() - CORE\src\ORM\Association\HasMany.php, line 239
Cake\ORM\Association\HasMany::saveAssociated() - CORE\src\ORM\Association\HasMany.php, line 200
Cake\ORM\AssociationCollection::_save() - CORE\src\ORM\AssociationCollection.php, line 274
Cake\ORM\AssociationCollection::_saveAssociations() - CORE\src\ORM\AssociationCollection.php, line 248
Cake\ORM\AssociationCollection::saveChildren() - CORE\src\ORM\AssociationCollection.php, line 213
Cake\ORM\Table::_onSaveSuccess() - CORE\src\ORM\Table.php, line 1869
Cake\ORM\Table::_processSave() - CORE\src\ORM\Table.php, line 1842
Cake\ORM\Table::Cake\ORM\{closure}() - CORE\src\ORM\Table.php, line 1741
Cake\ORM\Table::Cake\ORM\{closure}() - CORE\src\ORM\Table.php, line 1459
Cake\Database\Connection::transactional() - CORE\src\Database\Connection.php, line 682
Cake\ORM\Table::_executeTransaction() - CORE\src\ORM\Table.php, line 1460
Cake\ORM\Table::save() - CORE\src\ORM\Table.php, line 1742
DebugKit\ToolbarService::saveData() - ROOT\vendor\cakephp\debug_kit\src\ToolbarService.php, line 206
DebugKit\Middleware\DebugKitMiddleware::__invoke() - ROOT\vendor\cakephp\debug_kit\src\Middleware\DebugKitMiddleware.php, line 53
Cake\Http\Runner::__invoke() - CORE\src\Http\Runner.php, line 65
Cake\Http\Runner::run() - CORE\src\Http\Runner.php, line 51
Cake\Http\Server::run() - CORE\src\Http\Server.php, line 81
[main] - ROOT\webroot\index.php, line 40



2018-09-05 00:30:08 Notice: Notice (8): Undefined variable: primaryColumns in [C:\xampp\htdocs\Decanatura\vendor\cakephp\cakephp\src\ORM\Table.php, line 1790]
Request URL: /users/add
Referer URL: http://127.0.0.1/Decanatura/users/add
Client IP: 127.0.0.1
Trace:
Cake\Error\BaseErrorHandler::handleError() - CORE\src\Error\BaseErrorHandler.php, line 153
Cake\ORM\Table::_processSave() - CORE\src\ORM\Table.php, line 1790
Cake\ORM\Table::Cake\ORM\{closure}() - CORE\src\ORM\Table.php, line 1741
Cake\ORM\Table::Cake\ORM\{closure}() - CORE\src\ORM\Table.php, line 1459
Cake\Database\Connection::transactional() - CORE\src\Database\Connection.php, line 682
Cake\ORM\Table::_executeTransaction() - CORE\src\ORM\Table.php, line 1460
Cake\ORM\Table::save() - CORE\src\ORM\Table.php, line 1742
Cake\ORM\Association\HasMany::_saveTarget() - CORE\src\ORM\Association\HasMany.php, line 239
Cake\ORM\Association\HasMany::saveAssociated() - CORE\src\ORM\Association\HasMany.php, line 200
Cake\ORM\AssociationCollection::_save() - CORE\src\ORM\AssociationCollection.php, line 274
Cake\ORM\AssociationCollection::_saveAssociations() - CORE\src\ORM\AssociationCollection.php, line 248
Cake\ORM\AssociationCollection::saveChildren() - CORE\src\ORM\AssociationCollection.php, line 213
Cake\ORM\Table::_onSaveSuccess() - CORE\src\ORM\Table.php, line 1869
Cake\ORM\Table::_processSave() - CORE\src\ORM\Table.php, line 1842
Cake\ORM\Table::Cake\ORM\{closure}() - CORE\src\ORM\Table.php, line 1741
Cake\ORM\Table::Cake\ORM\{closure}() - CORE\src\ORM\Table.php, line 1459
Cake\Database\Connection::transactional() - CORE\src\Database\Connection.php, line 682
Cake\ORM\Table::_executeTransaction() - CORE\src\ORM\Table.php, line 1460
Cake\ORM\Table::save() - CORE\src\ORM\Table.php, line 1742
DebugKit\ToolbarService::saveData() - ROOT\vendor\cakephp\debug_kit\src\ToolbarService.php, line 206
DebugKit\Middleware\DebugKitMiddleware::__invoke() - ROOT\vendor\cakephp\debug_kit\src\Middleware\DebugKitMiddleware.php, line 53
Cake\Http\Runner::__invoke() - CORE\src\Http\Runner.php, line 65
Cake\Http\Runner::run() - CORE\src\Http\Runner.php, line 51
Cake\Http\Server::run() - CORE\src\Http\Server.php, line 81
[main] - ROOT\webroot\index.php, line 40



2018-09-05 00:30:08 Notice: Notice (8): Undefined variable: primaryColumns in [C:\xampp\htdocs\Decanatura\vendor\cakephp\cakephp\src\ORM\Table.php, line 1790]
Request URL: /users/add
Referer URL: http://127.0.0.1/Decanatura/users/add
Client IP: 127.0.0.1
Trace:
Cake\Error\BaseErrorHandler::handleError() - CORE\src\Error\BaseErrorHandler.php, line 153
Cake\ORM\Table::_processSave() - CORE\src\ORM\Table.php, line 1790
Cake\ORM\Table::Cake\ORM\{closure}() - CORE\src\ORM\Table.php, line 1741
Cake\ORM\Table::Cake\ORM\{closure}() - CORE\src\ORM\Table.php, line 1459
Cake\Database\Connection::transactional() - CORE\src\Database\Connection.php, line 682
Cake\ORM\Table::_executeTransaction() - CORE\src\ORM\Table.php, line 1460
Cake\ORM\Table::save() - CORE\src\ORM\Table.php, line 1742
Cake\ORM\Association\HasMany::_saveTarget() - CORE\src\ORM\Association\HasMany.php, line 239
Cake\ORM\Association\HasMany::saveAssociated() - CORE\src\ORM\Association\HasMany.php, line 200
Cake\ORM\AssociationCollection::_save() - CORE\src\ORM\AssociationCollection.php, line 274
Cake\ORM\AssociationCollection::_saveAssociations() - CORE\src\ORM\AssociationCollection.php, line 248
Cake\ORM\AssociationCollection::saveChildren() - CORE\src\ORM\AssociationCollection.php, line 213
Cake\ORM\Table::_onSaveSuccess() - CORE\src\ORM\Table.php, line 1869
Cake\ORM\Table::_processSave() - CORE\src\ORM\Table.php, line 1842
Cake\ORM\Table::Cake\ORM\{closure}() - CORE\src\ORM\Table.php, line 1741
Cake\ORM\Table::Cake\ORM\{closure}() - CORE\src\ORM\Table.php, line 1459
Cake\Database\Connection::transactional() - CORE\src\Database\Connection.php, line 682
Cake\ORM\Table::_executeTransaction() - CORE\src\ORM\Table.php, line 1460
Cake\ORM\Table::save() - CORE\src\ORM\Table.php, line 1742
DebugKit\ToolbarService::saveData() - ROOT\vendor\cakephp\debug_kit\src\ToolbarService.php, line 206
DebugKit\Middleware\DebugKitMiddleware::__invoke() - ROOT\vendor\cakephp\debug_kit\src\Middleware\DebugKitMiddleware.php, line 53
Cake\Http\Runner::__invoke() - CORE\src\Http\Runner.php, line 65
Cake\Http\Runner::run() - CORE\src\Http\Runner.php, line 51
Cake\Http\Server::run() - CORE\src\Http\Server.php, line 81
[main] - ROOT\webroot\index.php, line 40



2018-09-05 00:30:08 Notice: Notice (8): Undefined variable: primaryColumns in [C:\xampp\htdocs\Decanatura\vendor\cakephp\cakephp\src\ORM\Table.php, line 1790]
Request URL: /users/add
Referer URL: http://127.0.0.1/Decanatura/users/add
Client IP: 127.0.0.1
Trace:
Cake\Error\BaseErrorHandler::handleError() - CORE\src\Error\BaseErrorHandler.php, line 153
Cake\ORM\Table::_processSave() - CORE\src\ORM\Table.php, line 1790
Cake\ORM\Table::Cake\ORM\{closure}() - CORE\src\ORM\Table.php, line 1741
Cake\ORM\Table::Cake\ORM\{closure}() - CORE\src\ORM\Table.php, line 1459
Cake\Database\Connection::transactional() - CORE\src\Database\Connection.php, line 682
Cake\ORM\Table::_executeTransaction() - CORE\src\ORM\Table.php, line 1460
Cake\ORM\Table::save() - CORE\src\ORM\Table.php, line 1742
Cake\ORM\Association\HasMany::_saveTarget() - CORE\src\ORM\Association\HasMany.php, line 239
Cake\ORM\Association\HasMany::saveAssociated() - CORE\src\ORM\Association\HasMany.php, line 200
Cake\ORM\AssociationCollection::_save() - CORE\src\ORM\AssociationCollection.php, line 274
Cake\ORM\AssociationCollection::_saveAssociations() - CORE\src\ORM\AssociationCollection.php, line 248
Cake\ORM\AssociationCollection::saveChildren() - CORE\src\ORM\AssociationCollection.php, line 213
Cake\ORM\Table::_onSaveSuccess() - CORE\src\ORM\Table.php, line 1869
Cake\ORM\Table::_processSave() - CORE\src\ORM\Table.php, line 1842
Cake\ORM\Table::Cake\ORM\{closure}() - CORE\src\ORM\Table.php, line 1741
Cake\ORM\Table::Cake\ORM\{closure}() - CORE\src\ORM\Table.php, line 1459
Cake\Database\Connection::transactional() - CORE\src\Database\Connection.php, line 682
Cake\ORM\Table::_executeTransaction() - CORE\src\ORM\Table.php, line 1460
Cake\ORM\Table::save() - CORE\src\ORM\Table.php, line 1742
DebugKit\ToolbarService::saveData() - ROOT\vendor\cakephp\debug_kit\src\ToolbarService.php, line 206
DebugKit\Middleware\DebugKitMiddleware::__invoke() - ROOT\vendor\cakephp\debug_kit\src\Middleware\DebugKitMiddleware.php, line 53
Cake\Http\Runner::__invoke() - CORE\src\Http\Runner.php, line 65
Cake\Http\Runner::run() - CORE\src\Http\Runner.php, line 51
Cake\Http\Server::run() - CORE\src\Http\Server.php, line 81
[main] - ROOT\webroot\index.php, line 40



2018-09-05 00:30:08 Notice: Notice (8): Undefined variable: primaryColumns in [C:\xampp\htdocs\Decanatura\vendor\cakephp\cakephp\src\ORM\Table.php, line 1790]
Request URL: /users/add
Referer URL: http://127.0.0.1/Decanatura/users/add
Client IP: 127.0.0.1
Trace:
Cake\Error\BaseErrorHandler::handleError() - CORE\src\Error\BaseErrorHandler.php, line 153
Cake\ORM\Table::_processSave() - CORE\src\ORM\Table.php, line 1790
Cake\ORM\Table::Cake\ORM\{closure}() - CORE\src\ORM\Table.php, line 1741
Cake\ORM\Table::Cake\ORM\{closure}() - CORE\src\ORM\Table.php, line 1459
Cake\Database\Connection::transactional() - CORE\src\Database\Connection.php, line 682
Cake\ORM\Table::_executeTransaction() - CORE\src\ORM\Table.php, line 1460
Cake\ORM\Table::save() - CORE\src\ORM\Table.php, line 1742
Cake\ORM\Association\HasMany::_saveTarget() - CORE\src\ORM\Association\HasMany.php, line 239
Cake\ORM\Association\HasMany::saveAssociated() - CORE\src\ORM\Association\HasMany.php, line 200
Cake\ORM\AssociationCollection::_save() - CORE\src\ORM\AssociationCollection.php, line 274
Cake\ORM\AssociationCollection::_saveAssociations() - CORE\src\ORM\AssociationCollection.php, line 248
Cake\ORM\AssociationCollection::saveChildren() - CORE\src\ORM\AssociationCollection.php, line 213
Cake\ORM\Table::_onSaveSuccess() - CORE\src\ORM\Table.php, line 1869
Cake\ORM\Table::_processSave() - CORE\src\ORM\Table.php, line 1842
Cake\ORM\Table::Cake\ORM\{closure}() - CORE\src\ORM\Table.php, line 1741
Cake\ORM\Table::Cake\ORM\{closure}() - CORE\src\ORM\Table.php, line 1459
Cake\Database\Connection::transactional() - CORE\src\Database\Connection.php, line 682
Cake\ORM\Table::_executeTransaction() - CORE\src\ORM\Table.php, line 1460
Cake\ORM\Table::save() - CORE\src\ORM\Table.php, line 1742
DebugKit\ToolbarService::saveData() - ROOT\vendor\cakephp\debug_kit\src\ToolbarService.php, line 206
DebugKit\Middleware\DebugKitMiddleware::__invoke() - ROOT\vendor\cakephp\debug_kit\src\Middleware\DebugKitMiddleware.php, line 53
Cake\Http\Runner::__invoke() - CORE\src\Http\Runner.php, line 65
Cake\Http\Runner::run() - CORE\src\Http\Runner.php, line 51
Cake\Http\Server::run() - CORE\src\Http\Server.php, line 81
[main] - ROOT\webroot\index.php, line 40



2018-09-05 00:30:08 Notice: Notice (8): Undefined variable: primaryColumns in [C:\xampp\htdocs\Decanatura\vendor\cakephp\cakephp\src\ORM\Table.php, line 1790]
Request URL: /users/add
Referer URL: http://127.0.0.1/Decanatura/users/add
Client IP: 127.0.0.1
Trace:
Cake\Error\BaseErrorHandler::handleError() - CORE\src\Error\BaseErrorHandler.php, line 153
Cake\ORM\Table::_processSave() - CORE\src\ORM\Table.php, line 1790
Cake\ORM\Table::Cake\ORM\{closure}() - CORE\src\ORM\Table.php, line 1741
Cake\ORM\Table::Cake\ORM\{closure}() - CORE\src\ORM\Table.php, line 1459
Cake\Database\Connection::transactional() - CORE\src\Database\Connection.php, line 682
Cake\ORM\Table::_executeTransaction() - CORE\src\ORM\Table.php, line 1460
Cake\ORM\Table::save() - CORE\src\ORM\Table.php, line 1742
Cake\ORM\Association\HasMany::_saveTarget() - CORE\src\ORM\Association\HasMany.php, line 239
Cake\ORM\Association\HasMany::saveAssociated() - CORE\src\ORM\Association\HasMany.php, line 200
Cake\ORM\AssociationCollection::_save() - CORE\src\ORM\AssociationCollection.php, line 274
Cake\ORM\AssociationCollection::_saveAssociations() - CORE\src\ORM\AssociationCollection.php, line 248
Cake\ORM\AssociationCollection::saveChildren() - CORE\src\ORM\AssociationCollection.php, line 213
Cake\ORM\Table::_onSaveSuccess() - CORE\src\ORM\Table.php, line 1869
Cake\ORM\Table::_processSave() - CORE\src\ORM\Table.php, line 1842
Cake\ORM\Table::Cake\ORM\{closure}() - CORE\src\ORM\Table.php, line 1741
Cake\ORM\Table::Cake\ORM\{closure}() - CORE\src\ORM\Table.php, line 1459
Cake\Database\Connection::transactional() - CORE\src\Database\Connection.php, line 682
Cake\ORM\Table::_executeTransaction() - CORE\src\ORM\Table.php, line 1460
Cake\ORM\Table::save() - CORE\src\ORM\Table.php, line 1742
DebugKit\ToolbarService::saveData() - ROOT\vendor\cakephp\debug_kit\src\ToolbarService.php, line 206
DebugKit\Middleware\DebugKitMiddleware::__invoke() - ROOT\vendor\cakephp\debug_kit\src\Middleware\DebugKitMiddleware.php, line 53
Cake\Http\Runner::__invoke() - CORE\src\Http\Runner.php, line 65
Cake\Http\Runner::run() - CORE\src\Http\Runner.php, line 51
Cake\Http\Server::run() - CORE\src\Http\Server.php, line 81
[main] - ROOT\webroot\index.php, line 40



2018-09-05 00:30:08 Notice: Notice (8): Undefined variable: primaryColumns in [C:\xampp\htdocs\Decanatura\vendor\cakephp\cakephp\src\ORM\Table.php, line 1790]
Request URL: /users/add
Referer URL: http://127.0.0.1/Decanatura/users/add
Client IP: 127.0.0.1
Trace:
Cake\Error\BaseErrorHandler::handleError() - CORE\src\Error\BaseErrorHandler.php, line 153
Cake\ORM\Table::_processSave() - CORE\src\ORM\Table.php, line 1790
Cake\ORM\Table::Cake\ORM\{closure}() - CORE\src\ORM\Table.php, line 1741
Cake\ORM\Table::Cake\ORM\{closure}() - CORE\src\ORM\Table.php, line 1459
Cake\Database\Connection::transactional() - CORE\src\Database\Connection.php, line 682
Cake\ORM\Table::_executeTransaction() - CORE\src\ORM\Table.php, line 1460
Cake\ORM\Table::save() - CORE\src\ORM\Table.php, line 1742
Cake\ORM\Association\HasMany::_saveTarget() - CORE\src\ORM\Association\HasMany.php, line 239
Cake\ORM\Association\HasMany::saveAssociated() - CORE\src\ORM\Association\HasMany.php, line 200
Cake\ORM\AssociationCollection::_save() - CORE\src\ORM\AssociationCollection.php, line 274
Cake\ORM\AssociationCollection::_saveAssociations() - CORE\src\ORM\AssociationCollection.php, line 248
Cake\ORM\AssociationCollection::saveChildren() - CORE\src\ORM\AssociationCollection.php, line 213
Cake\ORM\Table::_onSaveSuccess() - CORE\src\ORM\Table.php, line 1869
Cake\ORM\Table::_processSave() - CORE\src\ORM\Table.php, line 1842
Cake\ORM\Table::Cake\ORM\{closure}() - CORE\src\ORM\Table.php, line 1741
Cake\ORM\Table::Cake\ORM\{closure}() - CORE\src\ORM\Table.php, line 1459
Cake\Database\Connection::transactional() - CORE\src\Database\Connection.php, line 682
Cake\ORM\Table::_executeTransaction() - CORE\src\ORM\Table.php, line 1460
Cake\ORM\Table::save() - CORE\src\ORM\Table.php, line 1742
DebugKit\ToolbarService::saveData() - ROOT\vendor\cakephp\debug_kit\src\ToolbarService.php, line 206
DebugKit\Middleware\DebugKitMiddleware::__invoke() - ROOT\vendor\cakephp\debug_kit\src\Middleware\DebugKitMiddleware.php, line 53
Cake\Http\Runner::__invoke() - CORE\src\Http\Runner.php, line 65
Cake\Http\Runner::run() - CORE\src\Http\Runner.php, line 51
Cake\Http\Server::run() - CORE\src\Http\Server.php, line 81
[main] - ROOT\webroot\index.php, line 40



2018-09-05 00:30:08 Notice: Notice (8): Undefined variable: primaryColumns in [C:\xampp\htdocs\Decanatura\vendor\cakephp\cakephp\src\ORM\Table.php, line 1790]
Request URL: /users/add
Referer URL: http://127.0.0.1/Decanatura/users/add
Client IP: 127.0.0.1
Trace:
Cake\Error\BaseErrorHandler::handleError() - CORE\src\Error\BaseErrorHandler.php, line 153
Cake\ORM\Table::_processSave() - CORE\src\ORM\Table.php, line 1790
Cake\ORM\Table::Cake\ORM\{closure}() - CORE\src\ORM\Table.php, line 1741
Cake\ORM\Table::Cake\ORM\{closure}() - CORE\src\ORM\Table.php, line 1459
Cake\Database\Connection::transactional() - CORE\src\Database\Connection.php, line 682
Cake\ORM\Table::_executeTransaction() - CORE\src\ORM\Table.php, line 1460
Cake\ORM\Table::save() - CORE\src\ORM\Table.php, line 1742
Cake\ORM\Association\HasMany::_saveTarget() - CORE\src\ORM\Association\HasMany.php, line 239
Cake\ORM\Association\HasMany::saveAssociated() - CORE\src\ORM\Association\HasMany.php, line 200
Cake\ORM\AssociationCollection::_save() - CORE\src\ORM\AssociationCollection.php, line 274
Cake\ORM\AssociationCollection::_saveAssociations() - CORE\src\ORM\AssociationCollection.php, line 248
Cake\ORM\AssociationCollection::saveChildren() - CORE\src\ORM\AssociationCollection.php, line 213
Cake\ORM\Table::_onSaveSuccess() - CORE\src\ORM\Table.php, line 1869
Cake\ORM\Table::_processSave() - CORE\src\ORM\Table.php, line 1842
Cake\ORM\Table::Cake\ORM\{closure}() - CORE\src\ORM\Table.php, line 1741
Cake\ORM\Table::Cake\ORM\{closure}() - CORE\src\ORM\Table.php, line 1459
Cake\Database\Connection::transactional() - CORE\src\Database\Connection.php, line 682
Cake\ORM\Table::_executeTransaction() - CORE\src\ORM\Table.php, line 1460
Cake\ORM\Table::save() - CORE\src\ORM\Table.php, line 1742
DebugKit\ToolbarService::saveData() - ROOT\vendor\cakephp\debug_kit\src\ToolbarService.php, line 206
DebugKit\Middleware\DebugKitMiddleware::__invoke() - ROOT\vendor\cakephp\debug_kit\src\Middleware\DebugKitMiddleware.php, line 53
Cake\Http\Runner::__invoke() - CORE\src\Http\Runner.php, line 65
Cake\Http\Runner::run() - CORE\src\Http\Runner.php, line 51
Cake\Http\Server::run() - CORE\src\Http\Server.php, line 81
[main] - ROOT\webroot\index.php, line 40



